
caravel_hkspi.elf:     file format elf32-littleriscv


Disassembly of section .text:

10000000 <_ftext>:
10000000:	0b00006f          	j	100000b0 <crt_init>
10000004:	00000013          	nop
10000008:	00000013          	nop
1000000c:	00000013          	nop
10000010:	00000013          	nop
10000014:	00000013          	nop
10000018:	00000013          	nop
1000001c:	00000013          	nop

10000020 <trap_entry>:
10000020:	fe112e23          	sw	ra,-4(sp)
10000024:	fe512c23          	sw	t0,-8(sp)
10000028:	fe612a23          	sw	t1,-12(sp)
1000002c:	fe712823          	sw	t2,-16(sp)
10000030:	fea12623          	sw	a0,-20(sp)
10000034:	feb12423          	sw	a1,-24(sp)
10000038:	fec12223          	sw	a2,-28(sp)
1000003c:	fed12023          	sw	a3,-32(sp)
10000040:	fce12e23          	sw	a4,-36(sp)
10000044:	fcf12c23          	sw	a5,-40(sp)
10000048:	fd012a23          	sw	a6,-44(sp)
1000004c:	fd112823          	sw	a7,-48(sp)
10000050:	fdc12623          	sw	t3,-52(sp)
10000054:	fdd12423          	sw	t4,-56(sp)
10000058:	fde12223          	sw	t5,-60(sp)
1000005c:	fdf12023          	sw	t6,-64(sp)
10000060:	fc010113          	addi	sp,sp,-64
10000064:	124000ef          	jal	ra,10000188 <isr>
10000068:	03c12083          	lw	ra,60(sp)
1000006c:	03812283          	lw	t0,56(sp)
10000070:	03412303          	lw	t1,52(sp)
10000074:	03012383          	lw	t2,48(sp)
10000078:	02c12503          	lw	a0,44(sp)
1000007c:	02812583          	lw	a1,40(sp)
10000080:	02412603          	lw	a2,36(sp)
10000084:	02012683          	lw	a3,32(sp)
10000088:	01c12703          	lw	a4,28(sp)
1000008c:	01812783          	lw	a5,24(sp)
10000090:	01412803          	lw	a6,20(sp)
10000094:	01012883          	lw	a7,16(sp)
10000098:	00c12e03          	lw	t3,12(sp)
1000009c:	00812e83          	lw	t4,8(sp)
100000a0:	00412f03          	lw	t5,4(sp)
100000a4:	00012f83          	lw	t6,0(sp)
100000a8:	04010113          	addi	sp,sp,64
100000ac:	30200073          	mret

100000b0 <crt_init>:
100000b0:	f0000117          	auipc	sp,0xf0000
100000b4:	55010113          	addi	sp,sp,1360 # 600 <_fstack>
100000b8:	00000517          	auipc	a0,0x0
100000bc:	f6850513          	addi	a0,a0,-152 # 10000020 <trap_entry>
100000c0:	30551073          	csrw	mtvec,a0

100000c4 <data_init>:
100000c4:	f0000517          	auipc	a0,0xf0000
100000c8:	f3c50513          	addi	a0,a0,-196 # 0 <__DYNAMIC>
100000cc:	f0000597          	auipc	a1,0xf0000
100000d0:	f3458593          	addi	a1,a1,-204 # 0 <__DYNAMIC>
100000d4:	00000617          	auipc	a2,0x0
100000d8:	48c60613          	addi	a2,a2,1164 # 10000560 <_fdata_rom>

100000dc <data_loop>:
100000dc:	00b50c63          	beq	a0,a1,100000f4 <bss_init>
100000e0:	00062683          	lw	a3,0(a2)
100000e4:	00d52023          	sw	a3,0(a0)
100000e8:	00450513          	addi	a0,a0,4
100000ec:	00460613          	addi	a2,a2,4
100000f0:	fedff06f          	j	100000dc <data_loop>

100000f4 <bss_init>:
100000f4:	f0000517          	auipc	a0,0xf0000
100000f8:	f0c50513          	addi	a0,a0,-244 # 0 <__DYNAMIC>
100000fc:	f0000597          	auipc	a1,0xf0000
10000100:	f0c58593          	addi	a1,a1,-244 # 8 <_ebss>

10000104 <bss_loop>:
10000104:	00b50863          	beq	a0,a1,10000114 <bss_done>
10000108:	00052023          	sw	zero,0(a0)
1000010c:	00450513          	addi	a0,a0,4
10000110:	ff5ff06f          	j	10000104 <bss_loop>

10000114 <bss_done>:
10000114:	00001537          	lui	a0,0x1
10000118:	88050513          	addi	a0,a0,-1920 # 880 <_fstack+0x280>
1000011c:	30451073          	csrw	mie,a0
10000120:	15c000ef          	jal	ra,1000027c <main>

10000124 <infinit_loop>:
10000124:	0000006f          	j	10000124 <infinit_loop>

10000128 <flush_cpu_icache>:
10000128:	ff010113          	addi	sp,sp,-16
1000012c:	00812623          	sw	s0,12(sp)
10000130:	01010413          	addi	s0,sp,16
10000134:	00000013          	nop
10000138:	00c12403          	lw	s0,12(sp)
1000013c:	01010113          	addi	sp,sp,16
10000140:	00008067          	ret

10000144 <flush_cpu_dcache>:
10000144:	ff010113          	addi	sp,sp,-16
10000148:	00812623          	sw	s0,12(sp)
1000014c:	01010413          	addi	s0,sp,16
10000150:	00000013          	nop
10000154:	00c12403          	lw	s0,12(sp)
10000158:	01010113          	addi	sp,sp,16
1000015c:	00008067          	ret

10000160 <irq_setmask>:
10000160:	fe010113          	addi	sp,sp,-32
10000164:	00812e23          	sw	s0,28(sp)
10000168:	02010413          	addi	s0,sp,32
1000016c:	fea42623          	sw	a0,-20(s0)
10000170:	fec42783          	lw	a5,-20(s0)
10000174:	bc079073          	csrw	0xbc0,a5
10000178:	00000013          	nop
1000017c:	01c12403          	lw	s0,28(sp)
10000180:	02010113          	addi	sp,sp,32
10000184:	00008067          	ret

10000188 <isr>:
10000188:	ff010113          	addi	sp,sp,-16
1000018c:	00112623          	sw	ra,12(sp)
10000190:	00812423          	sw	s0,8(sp)
10000194:	01010413          	addi	s0,sp,16
10000198:	00000513          	li	a0,0
1000019c:	fc5ff0ef          	jal	ra,10000160 <irq_setmask>
100001a0:	f00037b7          	lui	a5,0xf0003
100001a4:	03878793          	addi	a5,a5,56 # f0003038 <_fdata_rom+0xe0002ad8>
100001a8:	00a00713          	li	a4,10
100001ac:	00e7a023          	sw	a4,0(a5)
100001b0:	f00037b7          	lui	a5,0xf0003
100001b4:	03c78793          	addi	a5,a5,60 # f000303c <_fdata_rom+0xe0002adc>
100001b8:	00020737          	lui	a4,0x20
100001bc:	00e7a023          	sw	a4,0(a5)
100001c0:	00100713          	li	a4,1
100001c4:	00e01023          	sh	a4,0(zero) # 0 <__DYNAMIC>
100001c8:	00000013          	nop
100001cc:	00c12083          	lw	ra,12(sp)
100001d0:	00812403          	lw	s0,8(sp)
100001d4:	01010113          	addi	sp,sp,16
100001d8:	00008067          	ret

100001dc <putchar>:
100001dc:	fe010113          	addi	sp,sp,-32
100001e0:	00112e23          	sw	ra,28(sp)
100001e4:	00812c23          	sw	s0,24(sp)
100001e8:	02010413          	addi	s0,sp,32
100001ec:	00050793          	mv	a5,a0
100001f0:	fef407a3          	sb	a5,-17(s0)
100001f4:	fef44703          	lbu	a4,-17(s0)
100001f8:	00a00793          	li	a5,10
100001fc:	00f71663          	bne	a4,a5,10000208 <putchar+0x2c>
10000200:	00d00513          	li	a0,13
10000204:	fd9ff0ef          	jal	ra,100001dc <putchar>
10000208:	200007b7          	lui	a5,0x20000
1000020c:	00478793          	addi	a5,a5,4 # 20000004 <_fdata_rom+0xffffaa4>
10000210:	fef44703          	lbu	a4,-17(s0)
10000214:	00e7a023          	sw	a4,0(a5)
10000218:	00000013          	nop
1000021c:	01c12083          	lw	ra,28(sp)
10000220:	01812403          	lw	s0,24(sp)
10000224:	02010113          	addi	sp,sp,32
10000228:	00008067          	ret

1000022c <print>:
1000022c:	fe010113          	addi	sp,sp,-32
10000230:	00112e23          	sw	ra,28(sp)
10000234:	00812c23          	sw	s0,24(sp)
10000238:	02010413          	addi	s0,sp,32
1000023c:	fea42623          	sw	a0,-20(s0)
10000240:	01c0006f          	j	1000025c <print+0x30>
10000244:	fec42783          	lw	a5,-20(s0)
10000248:	00178713          	addi	a4,a5,1
1000024c:	fee42623          	sw	a4,-20(s0)
10000250:	0007c783          	lbu	a5,0(a5)
10000254:	00078513          	mv	a0,a5
10000258:	f85ff0ef          	jal	ra,100001dc <putchar>
1000025c:	fec42783          	lw	a5,-20(s0)
10000260:	0007c783          	lbu	a5,0(a5)
10000264:	fe0790e3          	bnez	a5,10000244 <print+0x18>
10000268:	00000013          	nop
1000026c:	01c12083          	lw	ra,28(sp)
10000270:	01812403          	lw	s0,24(sp)
10000274:	02010113          	addi	sp,sp,32
10000278:	00008067          	ret

1000027c <main>:
1000027c:	ff010113          	addi	sp,sp,-16
10000280:	00112623          	sw	ra,12(sp)
10000284:	00812423          	sw	s0,8(sp)
10000288:	01010413          	addi	s0,sp,16
1000028c:	260007b7          	lui	a5,0x26000
10000290:	0a078793          	addi	a5,a5,160 # 260000a0 <_fdata_rom+0x15fffb40>
10000294:	00002737          	lui	a4,0x2
10000298:	80970713          	addi	a4,a4,-2039 # 1809 <_fstack+0x1209>
1000029c:	00e7a023          	sw	a4,0(a5)
100002a0:	260007b7          	lui	a5,0x26000
100002a4:	09c78793          	addi	a5,a5,156 # 2600009c <_fdata_rom+0x15fffb3c>
100002a8:	00002737          	lui	a4,0x2
100002ac:	80970713          	addi	a4,a4,-2039 # 1809 <_fstack+0x1209>
100002b0:	00e7a023          	sw	a4,0(a5)
100002b4:	260007b7          	lui	a5,0x26000
100002b8:	09878793          	addi	a5,a5,152 # 26000098 <_fdata_rom+0x15fffb38>
100002bc:	00002737          	lui	a4,0x2
100002c0:	80970713          	addi	a4,a4,-2039 # 1809 <_fstack+0x1209>
100002c4:	00e7a023          	sw	a4,0(a5)
100002c8:	260007b7          	lui	a5,0x26000
100002cc:	09478793          	addi	a5,a5,148 # 26000094 <_fdata_rom+0x15fffb34>
100002d0:	00002737          	lui	a4,0x2
100002d4:	80970713          	addi	a4,a4,-2039 # 1809 <_fstack+0x1209>
100002d8:	00e7a023          	sw	a4,0(a5)
100002dc:	260007b7          	lui	a5,0x26000
100002e0:	09078793          	addi	a5,a5,144 # 26000090 <_fdata_rom+0x15fffb30>
100002e4:	00002737          	lui	a4,0x2
100002e8:	80970713          	addi	a4,a4,-2039 # 1809 <_fstack+0x1209>
100002ec:	00e7a023          	sw	a4,0(a5)
100002f0:	260007b7          	lui	a5,0x26000
100002f4:	08c78793          	addi	a5,a5,140 # 2600008c <_fdata_rom+0x15fffb2c>
100002f8:	00002737          	lui	a4,0x2
100002fc:	80970713          	addi	a4,a4,-2039 # 1809 <_fstack+0x1209>
10000300:	00e7a023          	sw	a4,0(a5)
10000304:	260007b7          	lui	a5,0x26000
10000308:	08878793          	addi	a5,a5,136 # 26000088 <_fdata_rom+0x15fffb28>
1000030c:	00002737          	lui	a4,0x2
10000310:	80970713          	addi	a4,a4,-2039 # 1809 <_fstack+0x1209>
10000314:	00e7a023          	sw	a4,0(a5)
10000318:	260007b7          	lui	a5,0x26000
1000031c:	08478793          	addi	a5,a5,132 # 26000084 <_fdata_rom+0x15fffb24>
10000320:	00002737          	lui	a4,0x2
10000324:	80970713          	addi	a4,a4,-2039 # 1809 <_fstack+0x1209>
10000328:	00e7a023          	sw	a4,0(a5)
1000032c:	260007b7          	lui	a5,0x26000
10000330:	08078793          	addi	a5,a5,128 # 26000080 <_fdata_rom+0x15fffb20>
10000334:	00002737          	lui	a4,0x2
10000338:	80970713          	addi	a4,a4,-2039 # 1809 <_fstack+0x1209>
1000033c:	00e7a023          	sw	a4,0(a5)
10000340:	260007b7          	lui	a5,0x26000
10000344:	07c78793          	addi	a5,a5,124 # 2600007c <_fdata_rom+0x15fffb1c>
10000348:	00002737          	lui	a4,0x2
1000034c:	80970713          	addi	a4,a4,-2039 # 1809 <_fstack+0x1209>
10000350:	00e7a023          	sw	a4,0(a5)
10000354:	260007b7          	lui	a5,0x26000
10000358:	07878793          	addi	a5,a5,120 # 26000078 <_fdata_rom+0x15fffb18>
1000035c:	00002737          	lui	a4,0x2
10000360:	80970713          	addi	a4,a4,-2039 # 1809 <_fstack+0x1209>
10000364:	00e7a023          	sw	a4,0(a5)
10000368:	260007b7          	lui	a5,0x26000
1000036c:	07478793          	addi	a5,a5,116 # 26000074 <_fdata_rom+0x15fffb14>
10000370:	00002737          	lui	a4,0x2
10000374:	80970713          	addi	a4,a4,-2039 # 1809 <_fstack+0x1209>
10000378:	00e7a023          	sw	a4,0(a5)
1000037c:	260007b7          	lui	a5,0x26000
10000380:	07078793          	addi	a5,a5,112 # 26000070 <_fdata_rom+0x15fffb10>
10000384:	00002737          	lui	a4,0x2
10000388:	80970713          	addi	a4,a4,-2039 # 1809 <_fstack+0x1209>
1000038c:	00e7a023          	sw	a4,0(a5)
10000390:	260007b7          	lui	a5,0x26000
10000394:	06c78793          	addi	a5,a5,108 # 2600006c <_fdata_rom+0x15fffb0c>
10000398:	00002737          	lui	a4,0x2
1000039c:	80970713          	addi	a4,a4,-2039 # 1809 <_fstack+0x1209>
100003a0:	00e7a023          	sw	a4,0(a5)
100003a4:	260007b7          	lui	a5,0x26000
100003a8:	06878793          	addi	a5,a5,104 # 26000068 <_fdata_rom+0x15fffb08>
100003ac:	00002737          	lui	a4,0x2
100003b0:	80970713          	addi	a4,a4,-2039 # 1809 <_fstack+0x1209>
100003b4:	00e7a023          	sw	a4,0(a5)
100003b8:	260007b7          	lui	a5,0x26000
100003bc:	06478793          	addi	a5,a5,100 # 26000064 <_fdata_rom+0x15fffb04>
100003c0:	00002737          	lui	a4,0x2
100003c4:	80970713          	addi	a4,a4,-2039 # 1809 <_fstack+0x1209>
100003c8:	00e7a023          	sw	a4,0(a5)
100003cc:	260007b7          	lui	a5,0x26000
100003d0:	03c78793          	addi	a5,a5,60 # 2600003c <_fdata_rom+0x15fffadc>
100003d4:	00002737          	lui	a4,0x2
100003d8:	80970713          	addi	a4,a4,-2039 # 1809 <_fstack+0x1209>
100003dc:	00e7a023          	sw	a4,0(a5)
100003e0:	260007b7          	lui	a5,0x26000
100003e4:	00100713          	li	a4,1
100003e8:	00e7a023          	sw	a4,0(a5) # 26000000 <_fdata_rom+0x15fffaa0>
100003ec:	00000013          	nop
100003f0:	260007b7          	lui	a5,0x26000
100003f4:	0007a703          	lw	a4,0(a5) # 26000000 <_fdata_rom+0x15fffaa0>
100003f8:	00100793          	li	a5,1
100003fc:	fef70ae3          	beq	a4,a5,100003f0 <main+0x174>
10000400:	260007b7          	lui	a5,0x26000
10000404:	00c78793          	addi	a5,a5,12 # 2600000c <_fdata_rom+0x15fffaac>
10000408:	a0000737          	lui	a4,0xa0000
1000040c:	00e7a023          	sw	a4,0(a5)
10000410:	200007b7          	lui	a5,0x20000
10000414:	27100713          	li	a4,625
10000418:	00e7a023          	sw	a4,0(a5) # 20000000 <_fdata_rom+0xffffaa0>
1000041c:	200007b7          	lui	a5,0x20000
10000420:	00878793          	addi	a5,a5,8 # 20000008 <_fdata_rom+0xffffaa8>
10000424:	00100713          	li	a4,1
10000428:	00e7a023          	sw	a4,0(a5)
1000042c:	100007b7          	lui	a5,0x10000
10000430:	49878513          	addi	a0,a5,1176 # 10000498 <_etext>
10000434:	df9ff0ef          	jal	ra,1000022c <print>
10000438:	100007b7          	lui	a5,0x10000
1000043c:	49c78513          	addi	a0,a5,1180 # 1000049c <_etext+0x4>
10000440:	dedff0ef          	jal	ra,1000022c <print>
10000444:	100007b7          	lui	a5,0x10000
10000448:	4c478513          	addi	a0,a5,1220 # 100004c4 <_etext+0x2c>
1000044c:	de1ff0ef          	jal	ra,1000022c <print>
10000450:	100007b7          	lui	a5,0x10000
10000454:	4ec78513          	addi	a0,a5,1260 # 100004ec <_etext+0x54>
10000458:	dd5ff0ef          	jal	ra,1000022c <print>
1000045c:	100007b7          	lui	a5,0x10000
10000460:	51078513          	addi	a0,a5,1296 # 10000510 <_etext+0x78>
10000464:	dc9ff0ef          	jal	ra,1000022c <print>
10000468:	100007b7          	lui	a5,0x10000
1000046c:	53878513          	addi	a0,a5,1336 # 10000538 <_etext+0xa0>
10000470:	dbdff0ef          	jal	ra,1000022c <print>
10000474:	260007b7          	lui	a5,0x26000
10000478:	00c78793          	addi	a5,a5,12 # 2600000c <_fdata_rom+0x15fffaac>
1000047c:	ab000737          	lui	a4,0xab000
10000480:	00e7a023          	sw	a4,0(a5)
10000484:	00000013          	nop
10000488:	00c12083          	lw	ra,12(sp)
1000048c:	00812403          	lw	s0,8(sp)
10000490:	01010113          	addi	sp,sp,16
10000494:	00008067          	ret
