/home/dinesha/workarea/opencore/git/yifive_r0/gds//user_project_wrapper.gds /home/dinesha/workarea/opencore/git/yifive_r0/checks/user_project_wrapper_erased.gds user_project_wrapper

Magic 8.3 revision 182 - Compiled on Fri Jun 25 23:58:13 UTC 2021.
Starting magic under Tcl interpreter
Using the terminal as the console.
Using NULL graphics device.
Processing system .magicrc file
Sourcing design .magicrc for technology sky130A ...
2 Magic internal units = 1 Lambda
Input style sky130(): scaleFactor=2, multiplier=2
Scaled tech values by 2 / 1 to match internal grid scaling
Loading sky130A Device Generator Menu ...
Using technology "sky130A", version 1.0.116-4-g522a373
Input style sky130(vendor): scaleFactor=2, multiplier=2
CIF input style is now "sky130(vendor)"
Warning: Calma reading is not undoable!  I hope that's OK.
Library written using GDS-II Release 3.0
Library name: user_project_wrapper
Reading "sky130_fd_sc_hd__clkbuf_16".
Reading "sky130_fd_sc_hd__buf_4".
Reading "sky130_fd_sc_hd__a21o_4".
Reading "sky130_fd_sc_hd__clkbuf_1".
Reading "sky130_fd_sc_hd__dfstp_4".
Reading "sky130_fd_sc_hd__or3_4".
Reading "sky130_fd_sc_hd__a21boi_4".
Reading "sky130_fd_sc_hd__or4_4".
Reading "sky130_fd_sc_hd__a22oi_4".
Reading "sky130_fd_sc_hd__and3_4".
Reading "sky130_fd_sc_hd__o21ai_4".
Reading "sky130_fd_sc_hd__o32a_4".
Reading "sky130_fd_sc_hd__and2_4".
Reading "sky130_fd_sc_hd__and4_4".
Reading "sky130_fd_sc_hd__dfxtp_4".
Reading "sky130_fd_sc_hd__or2_4".
Reading "sky130_fd_sc_hd__diode_2".
Reading "sky130_fd_sc_hd__o22a_4".
Reading "sky130_fd_sc_hd__nor2_4".
Reading "sky130_fd_sc_hd__o21a_4".
Reading "sky130_fd_sc_hd__a32o_4".
Reading "sky130_fd_sc_hd__buf_2".
Reading "sky130_fd_sc_hd__a21oi_4".
Reading "sky130_fd_sc_hd__nand2_4".
Reading "sky130_fd_sc_hd__inv_2".
Reading "sky130_fd_sc_hd__dfrtp_4".
Reading "sky130_fd_sc_hd__decap_4".
Reading "sky130_fd_sc_hd__a211o_4".
Reading "sky130_fd_sc_hd__fill_2".
Reading "sky130_fd_sc_hd__decap_8".
Reading "sky130_fd_sc_hd__a2bb2o_4".
Reading "sky130_fd_sc_hd__tapvpwrvgnd_1".
Reading "sky130_fd_sc_hd__decap_12".
Reading "sky130_fd_sc_hd__conb_1".
Reading "sky130_fd_sc_hd__decap_6".
Reading "sky130_fd_sc_hd__fill_1".
Reading "sky130_fd_sc_hd__decap_3".
Reading "sky130_fd_sc_hd__a2111o_4".
Reading "sky130_fd_sc_hd__a21bo_4".
Reading "sky130_fd_sc_hd__o41a_4".
Reading "sky130_fd_sc_hd__buf_8".
Reading "scr1_core_top".
    100 uses
    200 uses
    300 uses
    400 uses
    500 uses
    600 uses
    700 uses
    800 uses
    900 uses
    1000 uses
    1100 uses
    1200 uses
    1300 uses
    1400 uses
    1500 uses
    1600 uses
    1700 uses
    1800 uses
    1900 uses
    2000 uses
    2100 uses
    2200 uses
    2300 uses
    2400 uses
    2500 uses
    2600 uses
    2700 uses
    2800 uses
    2900 uses
    3000 uses
    3100 uses
    3200 uses
    3300 uses
    3400 uses
    3500 uses
    3600 uses
    3700 uses
    3800 uses
    3900 uses
    4000 uses
    4100 uses
    4200 uses
    4300 uses
    4400 uses
    4500 uses
    4600 uses
    4700 uses
    4800 uses
    4900 uses
    5000 uses
    5100 uses
    5200 uses
    5300 uses
    5400 uses
    5500 uses
    5600 uses
    5700 uses
    5800 uses
    5900 uses
    6000 uses
    6100 uses
    6200 uses
    6300 uses
    6400 uses
    6500 uses
    6600 uses
    6700 uses
    6800 uses
    6900 uses
    7000 uses
    7100 uses
    7200 uses
    7300 uses
    7400 uses
    7500 uses
    7600 uses
    7700 uses
    7800 uses
    7900 uses
    8000 uses
    8100 uses
    8200 uses
    8300 uses
    8400 uses
    8500 uses
    8600 uses
    8700 uses
    8800 uses
    8900 uses
    9000 uses
    9100 uses
    9200 uses
    9300 uses
    9400 uses
    9500 uses
    9600 uses
    9700 uses
    9800 uses
    9900 uses
    10000 uses
    10100 uses
    10200 uses
    10300 uses
    10400 uses
    10500 uses
    10600 uses
    10700 uses
    10800 uses
    10900 uses
    11000 uses
    11100 uses
    11200 uses
    11300 uses
    11400 uses
    11500 uses
    11600 uses
    11700 uses
    11800 uses
    11900 uses
    12000 uses
    12100 uses
    12200 uses
    12300 uses
    12400 uses
    12500 uses
    12600 uses
    12700 uses
    12800 uses
    12900 uses
    13000 uses
    13100 uses
    13200 uses
    13300 uses
    13400 uses
    13500 uses
    13600 uses
    13700 uses
    13800 uses
    13900 uses
    14000 uses
    14100 uses
    14200 uses
    14300 uses
    14400 uses
    14500 uses
    14600 uses
    14700 uses
    14800 uses
    14900 uses
    15000 uses
    15100 uses
    15200 uses
    15300 uses
    15400 uses
    15500 uses
    15600 uses
    15700 uses
    15800 uses
    15900 uses
    16000 uses
    16100 uses
    16200 uses
    16300 uses
    16400 uses
    16500 uses
    16600 uses
    16700 uses
    16800 uses
    16900 uses
    17000 uses
    17100 uses
    17200 uses
    17300 uses
    17400 uses
    17500 uses
    17600 uses
    17700 uses
    17800 uses
    17900 uses
    18000 uses
    18100 uses
    18200 uses
    18300 uses
    18400 uses
    18500 uses
    18600 uses
    18700 uses
    18800 uses
    18900 uses
    19000 uses
    19100 uses
    19200 uses
    19300 uses
    19400 uses
    19500 uses
    19600 uses
    19700 uses
    19800 uses
    19900 uses
    20000 uses
    20100 uses
    20200 uses
    20300 uses
    20400 uses
    20500 uses
    20600 uses
    20700 uses
    20800 uses
    20900 uses
    21000 uses
    21100 uses
    21200 uses
    21300 uses
    21400 uses
    21500 uses
    21600 uses
    21700 uses
    21800 uses
    21900 uses
    22000 uses
    22100 uses
    22200 uses
    22300 uses
    22400 uses
    22500 uses
    22600 uses
    22700 uses
    22800 uses
    22900 uses
    23000 uses
    23100 uses
    23200 uses
    23300 uses
    23400 uses
    23500 uses
    23600 uses
    23700 uses
    23800 uses
    23900 uses
    24000 uses
    24100 uses
    24200 uses
    24300 uses
    24400 uses
    24500 uses
    24600 uses
    24700 uses
    24800 uses
    24900 uses
    25000 uses
    25100 uses
    25200 uses
    25300 uses
    25400 uses
    25500 uses
    25600 uses
    25700 uses
    25800 uses
    25900 uses
    26000 uses
    26100 uses
    26200 uses
    26300 uses
    26400 uses
    26500 uses
    26600 uses
    26700 uses
    26800 uses
    26900 uses
    27000 uses
    27100 uses
    27200 uses
    27300 uses
    27400 uses
    27500 uses
    27600 uses
    27700 uses
    27800 uses
    27900 uses
    28000 uses
    28100 uses
    28200 uses
    28300 uses
    28400 uses
    28500 uses
    28600 uses
    28700 uses
    28800 uses
    28900 uses
    29000 uses
    29100 uses
    29200 uses
    29300 uses
    29400 uses
    29500 uses
    29600 uses
    29700 uses
    29800 uses
    29900 uses
    30000 uses
    30100 uses
    30200 uses
    30300 uses
    30400 uses
    30500 uses
    30600 uses
    30700 uses
    30800 uses
    30900 uses
    31000 uses
    31100 uses
    31200 uses
    31300 uses
    31400 uses
    31500 uses
    31600 uses
    31700 uses
    31800 uses
    31900 uses
    32000 uses
    32100 uses
    32200 uses
    32300 uses
    32400 uses
    32500 uses
    32600 uses
    32700 uses
    32800 uses
    32900 uses
    33000 uses
    33100 uses
    33200 uses
    33300 uses
    33400 uses
    33500 uses
    33600 uses
    33700 uses
    33800 uses
    33900 uses
    34000 uses
    34100 uses
    34200 uses
    34300 uses
    34400 uses
    34500 uses
    34600 uses
    34700 uses
    34800 uses
    34900 uses
    35000 uses
    35100 uses
    35200 uses
    35300 uses
    35400 uses
    35500 uses
    35600 uses
    35700 uses
    35800 uses
    35900 uses
    36000 uses
    36100 uses
    36200 uses
    36300 uses
    36400 uses
    36500 uses
    36600 uses
    36700 uses
    36800 uses
    36900 uses
    37000 uses
    37100 uses
    37200 uses
    37300 uses
    37400 uses
    37500 uses
    37600 uses
    37700 uses
    37800 uses
    37900 uses
    38000 uses
    38100 uses
    38200 uses
    38300 uses
    38400 uses
    38500 uses
    38600 uses
    38700 uses
    38800 uses
    38900 uses
    39000 uses
    39100 uses
    39200 uses
    39300 uses
    39400 uses
    39500 uses
    39600 uses
    39700 uses
    39800 uses
    39900 uses
    40000 uses
    40100 uses
    40200 uses
    40300 uses
    40400 uses
    40500 uses
    40600 uses
    40700 uses
    40800 uses
    40900 uses
    41000 uses
    41100 uses
    41200 uses
    41300 uses
    41400 uses
    41500 uses
    41600 uses
    41700 uses
    41800 uses
    41900 uses
    42000 uses
    42100 uses
    42200 uses
    42300 uses
    42400 uses
    42500 uses
    42600 uses
    42700 uses
    42800 uses
    42900 uses
    43000 uses
    43100 uses
    43200 uses
    43300 uses
    43400 uses
    43500 uses
    43600 uses
    43700 uses
    43800 uses
    43900 uses
    44000 uses
    44100 uses
    44200 uses
    44300 uses
    44400 uses
    44500 uses
    44600 uses
    44700 uses
    44800 uses
    44900 uses
    45000 uses
    45100 uses
    45200 uses
    45300 uses
    45400 uses
    45500 uses
    45600 uses
    45700 uses
    45800 uses
    45900 uses
    46000 uses
    46100 uses
    46200 uses
    46300 uses
    46400 uses
    46500 uses
    46600 uses
    46700 uses
    46800 uses
    46900 uses
    47000 uses
    47100 uses
    47200 uses
    47300 uses
    47400 uses
    47500 uses
    47600 uses
    47700 uses
    47800 uses
    47900 uses
    48000 uses
    48100 uses
    48200 uses
    48300 uses
    48400 uses
    48500 uses
    48600 uses
    48700 uses
    48800 uses
    48900 uses
    49000 uses
    49100 uses
    49200 uses
    49300 uses
    49400 uses
    49500 uses
    49600 uses
    49700 uses
    49800 uses
    49900 uses
    50000 uses
    50100 uses
    50200 uses
    50300 uses
    50400 uses
    50500 uses
    50600 uses
    50700 uses
    50800 uses
    50900 uses
    51000 uses
    51100 uses
    51200 uses
    51300 uses
    51400 uses
    51500 uses
    51600 uses
    51700 uses
    51800 uses
    51900 uses
    52000 uses
    52100 uses
    52200 uses
    52300 uses
    52400 uses
    52500 uses
    52600 uses
    52700 uses
    52800 uses
    52900 uses
    53000 uses
    53100 uses
    53200 uses
    53300 uses
    53400 uses
    53500 uses
    53600 uses
    53700 uses
    53800 uses
    53900 uses
    54000 uses
    54100 uses
    54200 uses
    54300 uses
    54400 uses
    54500 uses
    54600 uses
    54700 uses
    54800 uses
    54900 uses
    55000 uses
    55100 uses
    55200 uses
    55300 uses
    55400 uses
    55500 uses
    55600 uses
    55700 uses
    55800 uses
    55900 uses
    56000 uses
    56100 uses
    56200 uses
    56300 uses
    56400 uses
    56500 uses
    56600 uses
    56700 uses
    56800 uses
    56900 uses
    57000 uses
    57100 uses
    57200 uses
    57300 uses
    57400 uses
    57500 uses
    57600 uses
    57700 uses
    57800 uses
    57900 uses
    58000 uses
    58100 uses
    58200 uses
    58300 uses
    58400 uses
    58500 uses
    58600 uses
    58700 uses
    58800 uses
    58900 uses
    59000 uses
    59100 uses
    59200 uses
    59300 uses
    59400 uses
    59500 uses
    59600 uses
    59700 uses
    59800 uses
    59900 uses
    60000 uses
    60100 uses
    60200 uses
    60300 uses
    60400 uses
    60500 uses
    60600 uses
    60700 uses
    60800 uses
    60900 uses
    61000 uses
    61100 uses
    61200 uses
    61300 uses
    61400 uses
    61500 uses
    61600 uses
    61700 uses
    61800 uses
    61900 uses
    62000 uses
    62100 uses
    62200 uses
    62300 uses
    62400 uses
    62500 uses
    62600 uses
    62700 uses
    62800 uses
    62900 uses
    63000 uses
    63100 uses
    63200 uses
    63300 uses
    63400 uses
    63500 uses
    63600 uses
    63700 uses
    63800 uses
    63900 uses
    64000 uses
    64100 uses
    64200 uses
    64300 uses
    64400 uses
    64500 uses
    64600 uses
    64700 uses
    64800 uses
    64900 uses
    65000 uses
    65100 uses
    65200 uses
    65300 uses
    65400 uses
    65500 uses
    65600 uses
    65700 uses
    65800 uses
    65900 uses
    66000 uses
    66100 uses
    66200 uses
    66300 uses
    66400 uses
    66500 uses
    66600 uses
    66700 uses
    66800 uses
    66900 uses
    67000 uses
    67100 uses
    67200 uses
    67300 uses
    67400 uses
    67500 uses
    67600 uses
    67700 uses
    67800 uses
    67900 uses
    68000 uses
    68100 uses
    68200 uses
    68300 uses
    68400 uses
    68500 uses
    68600 uses
    68700 uses
    68800 uses
    68900 uses
    69000 uses
    69100 uses
    69200 uses
    69300 uses
    69400 uses
    69500 uses
    69600 uses
    69700 uses
    69800 uses
    69900 uses
    70000 uses
    70100 uses
    70200 uses
    70300 uses
    70400 uses
    70500 uses
    70600 uses
    70700 uses
    70800 uses
    70900 uses
    71000 uses
    71100 uses
    71200 uses
    71300 uses
    71400 uses
    71500 uses
    71600 uses
    71700 uses
    71800 uses
    71900 uses
    72000 uses
    72100 uses
    72200 uses
    72300 uses
    72400 uses
    72500 uses
    72600 uses
    72700 uses
    72800 uses
    72900 uses
    73000 uses
    73100 uses
    73200 uses
    73300 uses
    73400 uses
    73500 uses
    73600 uses
    73700 uses
    73800 uses
    73900 uses
    74000 uses
    74100 uses
    74200 uses
    74300 uses
    74400 uses
    74500 uses
    74600 uses
    74700 uses
    74800 uses
    74900 uses
    75000 uses
    75100 uses
    75200 uses
    75300 uses
    75400 uses
    75500 uses
    75600 uses
    75700 uses
    75800 uses
    75900 uses
    76000 uses
    76100 uses
    76200 uses
    76300 uses
    76400 uses
    76500 uses
    76600 uses
    76700 uses
    76800 uses
    76900 uses
    77000 uses
    77100 uses
    77200 uses
    77300 uses
    77400 uses
    77500 uses
    77600 uses
    77700 uses
    77800 uses
    77900 uses
    78000 uses
    78100 uses
    78200 uses
    78300 uses
    78400 uses
    78500 uses
    78600 uses
    78700 uses
    78800 uses
    78900 uses
    79000 uses
    79100 uses
    79200 uses
    79300 uses
    79400 uses
    79500 uses
    79600 uses
    79700 uses
    79800 uses
    79900 uses
    80000 uses
    80100 uses
    80200 uses
    80300 uses
    80400 uses
    80500 uses
    80600 uses
    80700 uses
    80800 uses
    80900 uses
    81000 uses
    81100 uses
    81200 uses
    81300 uses
    81400 uses
    81500 uses
    81600 uses
    81700 uses
    81800 uses
    81900 uses
    82000 uses
    82100 uses
    82200 uses
    82300 uses
    82400 uses
    82500 uses
    82600 uses
    82700 uses
    82800 uses
    82900 uses
    83000 uses
    83100 uses
    83200 uses
    83300 uses
    83400 uses
    83500 uses
    83600 uses
    83700 uses
    83800 uses
    83900 uses
    84000 uses
    84100 uses
    84200 uses
    84300 uses
    84400 uses
    84500 uses
    84600 uses
    84700 uses
    84800 uses
    84900 uses
    85000 uses
    85100 uses
    85200 uses
    85300 uses
    85400 uses
    85500 uses
    85600 uses
    85700 uses
    85800 uses
    85900 uses
    86000 uses
    86100 uses
    86200 uses
    86300 uses
    86400 uses
    86500 uses
    86600 uses
    86700 uses
    86800 uses
    86900 uses
    87000 uses
    87100 uses
    87200 uses
    87300 uses
    87400 uses
    87500 uses
    87600 uses
    87700 uses
    87800 uses
    87900 uses
    88000 uses
    88100 uses
    88200 uses
    88300 uses
    88400 uses
    88500 uses
    88600 uses
    88700 uses
    88800 uses
    88900 uses
    89000 uses
    89100 uses
    89200 uses
    89300 uses
    89400 uses
    89500 uses
    89600 uses
    89700 uses
    89800 uses
    89900 uses
    90000 uses
    90100 uses
    90200 uses
    90300 uses
    90400 uses
    90500 uses
    90600 uses
    90700 uses
    90800 uses
    90900 uses
    91000 uses
    91100 uses
    91200 uses
    91300 uses
    91400 uses
    91500 uses
    91600 uses
    91700 uses
    91800 uses
    91900 uses
    92000 uses
    92100 uses
    92200 uses
    92300 uses
    92400 uses
    92500 uses
    92600 uses
    92700 uses
    92800 uses
    92900 uses
    93000 uses
    93100 uses
    93200 uses
    93300 uses
    93400 uses
    93500 uses
    93600 uses
    93700 uses
    93800 uses
    93900 uses
    94000 uses
    94100 uses
    94200 uses
    94300 uses
    94400 uses
    94500 uses
    94600 uses
    94700 uses
    94800 uses
    94900 uses
    95000 uses
    95100 uses
    95200 uses
    95300 uses
    95400 uses
    95500 uses
    95600 uses
    95700 uses
    95800 uses
    95900 uses
    96000 uses
    96100 uses
    96200 uses
    96300 uses
    96400 uses
    96500 uses
    96600 uses
    96700 uses
    96800 uses
    96900 uses
    97000 uses
    97100 uses
    97200 uses
    97300 uses
    97400 uses
    97500 uses
    97600 uses
    97700 uses
    97800 uses
    97900 uses
    98000 uses
    98100 uses
    98200 uses
    98300 uses
    98400 uses
    98500 uses
    98600 uses
    98700 uses
    98800 uses
    98900 uses
    99000 uses
    99100 uses
    99200 uses
    99300 uses
    99400 uses
    99500 uses
    99600 uses
    99700 uses
    99800 uses
    99900 uses
    100000 uses
    100100 uses
    100200 uses
    100300 uses
    100400 uses
    100500 uses
    100600 uses
    100700 uses
    100800 uses
    100900 uses
    101000 uses
    101100 uses
    101200 uses
    101300 uses
    101400 uses
    101500 uses
    101600 uses
    101700 uses
    101800 uses
    101900 uses
    102000 uses
    102100 uses
    102200 uses
    102300 uses
    102400 uses
    102500 uses
    102600 uses
    102700 uses
    102800 uses
    102900 uses
    103000 uses
    103100 uses
    103200 uses
    103300 uses
    103400 uses
    103500 uses
    103600 uses
    103700 uses
    103800 uses
    103900 uses
    104000 uses
    104100 uses
    104200 uses
    104300 uses
    104400 uses
    104500 uses
    104600 uses
    104700 uses
    104800 uses
    104900 uses
    105000 uses
    105100 uses
    105200 uses
    105300 uses
    105400 uses
    105500 uses
    105600 uses
    105700 uses
    105800 uses
    105900 uses
    106000 uses
    106100 uses
    106200 uses
    106300 uses
    106400 uses
    106500 uses
    106600 uses
    106700 uses
    106800 uses
    106900 uses
    107000 uses
    107100 uses
    107200 uses
    107300 uses
    107400 uses
    107500 uses
    107600 uses
    107700 uses
    107800 uses
    107900 uses
    108000 uses
    108100 uses
    108200 uses
    108300 uses
    108400 uses
    108500 uses
    108600 uses
    108700 uses
    108800 uses
    108900 uses
    109000 uses
    109100 uses
    109200 uses
    109300 uses
    109400 uses
    109500 uses
    109600 uses
    109700 uses
    109800 uses
    109900 uses
    110000 uses
    110100 uses
    110200 uses
    110300 uses
    110400 uses
    110500 uses
    110600 uses
    110700 uses
    110800 uses
    110900 uses
    111000 uses
    111100 uses
    111200 uses
    111300 uses
    111400 uses
    111500 uses
    111600 uses
    111700 uses
    111800 uses
    111900 uses
    112000 uses
    112100 uses
    112200 uses
    112300 uses
    112400 uses
    112500 uses
    112600 uses
    112700 uses
    112800 uses
    112900 uses
    113000 uses
    113100 uses
    113200 uses
    113300 uses
    113400 uses
    113500 uses
    113600 uses
    113700 uses
    113800 uses
    113900 uses
    114000 uses
    114100 uses
    114200 uses
    114300 uses
    114400 uses
    114500 uses
    114600 uses
    114700 uses
    114800 uses
    114900 uses
    115000 uses
    115100 uses
    115200 uses
    115300 uses
    115400 uses
    115500 uses
    115600 uses
    115700 uses
    115800 uses
    115900 uses
    116000 uses
    116100 uses
    116200 uses
    116300 uses
    116400 uses
    116500 uses
    116600 uses
    116700 uses
    116800 uses
    116900 uses
    117000 uses
    117100 uses
    117200 uses
    117300 uses
    117400 uses
    117500 uses
    117600 uses
    117700 uses
    117800 uses
    117900 uses
    118000 uses
    118100 uses
    118200 uses
    118300 uses
    118400 uses
    118500 uses
    118600 uses
    118700 uses
    118800 uses
    118900 uses
    119000 uses
    119100 uses
    119200 uses
    119300 uses
    119400 uses
    119500 uses
    119600 uses
    119700 uses
    119800 uses
    119900 uses
    120000 uses
    120100 uses
    120200 uses
    120300 uses
    120400 uses
    120500 uses
    120600 uses
    120700 uses
    120800 uses
    120900 uses
    121000 uses
    121100 uses
    121200 uses
    121300 uses
    121400 uses
    121500 uses
    121600 uses
    121700 uses
    121800 uses
Reading "sky130_fd_sc_hd__clkdlybuf4s15_2".
Reading "sky130_fd_sc_hd__mux2_1".
Reading "sky130_fd_sc_hd__mux2_4".
Reading "clk_skew_adjust".
    100 uses
    200 uses
    300 uses
    400 uses
    500 uses
    600 uses
    700 uses
Reading "sky130_ef_sc_hd__fakediode_2".
Reading "sky130_fd_sc_hd__bufbuf_16".
Reading "wb_host".
    100 uses
    200 uses
    300 uses
    400 uses
    500 uses
    600 uses
    700 uses
    800 uses
    900 uses
    1000 uses
    1100 uses
    1200 uses
    1300 uses
    1400 uses
    1500 uses
    1600 uses
    1700 uses
    1800 uses
    1900 uses
    2000 uses
    2100 uses
    2200 uses
    2300 uses
    2400 uses
    2500 uses
    2600 uses
    2700 uses
    2800 uses
    2900 uses
    3000 uses
    3100 uses
    3200 uses
    3300 uses
    3400 uses
    3500 uses
    3600 uses
    3700 uses
    3800 uses
    3900 uses
    4000 uses
    4100 uses
    4200 uses
    4300 uses
    4400 uses
    4500 uses
    4600 uses
    4700 uses
    4800 uses
    4900 uses
    5000 uses
    5100 uses
    5200 uses
    5300 uses
    5400 uses
    5500 uses
    5600 uses
    5700 uses
    5800 uses
    5900 uses
    6000 uses
    6100 uses
    6200 uses
    6300 uses
    6400 uses
    6500 uses
    6600 uses
    6700 uses
    6800 uses
    6900 uses
    7000 uses
    7100 uses
    7200 uses
    7300 uses
    7400 uses
    7500 uses
    7600 uses
    7700 uses
    7800 uses
    7900 uses
    8000 uses
    8100 uses
    8200 uses
    8300 uses
    8400 uses
    8500 uses
    8600 uses
    8700 uses
    8800 uses
    8900 uses
    9000 uses
    9100 uses
    9200 uses
    9300 uses
    9400 uses
    9500 uses
    9600 uses
    9700 uses
    9800 uses
    9900 uses
    10000 uses
    10100 uses
    10200 uses
    10300 uses
    10400 uses
    10500 uses
    10600 uses
    10700 uses
    10800 uses
    10900 uses
    11000 uses
    11100 uses
    11200 uses
    11300 uses
    11400 uses
    11500 uses
    11600 uses
    11700 uses
    11800 uses
    11900 uses
    12000 uses
    12100 uses
Reading "scr1_intf".
    100 uses
    200 uses
    300 uses
    400 uses
    500 uses
    600 uses
    700 uses
    800 uses
    900 uses
    1000 uses
    1100 uses
    1200 uses
    1300 uses
    1400 uses
    1500 uses
    1600 uses
    1700 uses
    1800 uses
    1900 uses
    2000 uses
    2100 uses
    2200 uses
    2300 uses
    2400 uses
    2500 uses
    2600 uses
    2700 uses
    2800 uses
    2900 uses
    3000 uses
    3100 uses
    3200 uses
    3300 uses
    3400 uses
    3500 uses
    3600 uses
    3700 uses
    3800 uses
    3900 uses
    4000 uses
    4100 uses
    4200 uses
    4300 uses
    4400 uses
    4500 uses
    4600 uses
    4700 uses
    4800 uses
    4900 uses
    5000 uses
    5100 uses
    5200 uses
    5300 uses
    5400 uses
    5500 uses
    5600 uses
    5700 uses
    5800 uses
    5900 uses
    6000 uses
    6100 uses
    6200 uses
    6300 uses
    6400 uses
    6500 uses
    6600 uses
    6700 uses
    6800 uses
    6900 uses
    7000 uses
    7100 uses
    7200 uses
    7300 uses
    7400 uses
    7500 uses
    7600 uses
    7700 uses
    7800 uses
    7900 uses
    8000 uses
    8100 uses
    8200 uses
    8300 uses
    8400 uses
    8500 uses
    8600 uses
    8700 uses
    8800 uses
    8900 uses
    9000 uses
    9100 uses
    9200 uses
    9300 uses
    9400 uses
    9500 uses
    9600 uses
    9700 uses
    9800 uses
    9900 uses
    10000 uses
    10100 uses
    10200 uses
    10300 uses
    10400 uses
    10500 uses
    10600 uses
    10700 uses
    10800 uses
    10900 uses
    11000 uses
    11100 uses
    11200 uses
    11300 uses
    11400 uses
    11500 uses
    11600 uses
    11700 uses
    11800 uses
    11900 uses
    12000 uses
    12100 uses
    12200 uses
    12300 uses
    12400 uses
    12500 uses
    12600 uses
    12700 uses
    12800 uses
    12900 uses
    13000 uses
    13100 uses
    13200 uses
    13300 uses
    13400 uses
    13500 uses
    13600 uses
    13700 uses
    13800 uses
    13900 uses
    14000 uses
    14100 uses
    14200 uses
    14300 uses
    14400 uses
    14500 uses
    14600 uses
    14700 uses
    14800 uses
    14900 uses
    15000 uses
    15100 uses
    15200 uses
    15300 uses
    15400 uses
    15500 uses
    15600 uses
    15700 uses
    15800 uses
    15900 uses
    16000 uses
    16100 uses
    16200 uses
    16300 uses
    16400 uses
    16500 uses
    16600 uses
    16700 uses
    16800 uses
    16900 uses
    17000 uses
    17100 uses
    17200 uses
    17300 uses
    17400 uses
    17500 uses
    17600 uses
    17700 uses
    17800 uses
    17900 uses
    18000 uses
    18100 uses
    18200 uses
    18300 uses
    18400 uses
    18500 uses
    18600 uses
    18700 uses
    18800 uses
    18900 uses
    19000 uses
    19100 uses
    19200 uses
    19300 uses
    19400 uses
    19500 uses
    19600 uses
    19700 uses
    19800 uses
    19900 uses
    20000 uses
    20100 uses
    20200 uses
    20300 uses
    20400 uses
    20500 uses
    20600 uses
    20700 uses
    20800 uses
    20900 uses
    21000 uses
    21100 uses
    21200 uses
    21300 uses
    21400 uses
    21500 uses
    21600 uses
    21700 uses
    21800 uses
    21900 uses
    22000 uses
    22100 uses
    22200 uses
    22300 uses
    22400 uses
    22500 uses
    22600 uses
    22700 uses
    22800 uses
    22900 uses
    23000 uses
    23100 uses
    23200 uses
    23300 uses
    23400 uses
    23500 uses
    23600 uses
    23700 uses
    23800 uses
    23900 uses
    24000 uses
    24100 uses
    24200 uses
    24300 uses
    24400 uses
    24500 uses
    24600 uses
    24700 uses
    24800 uses
    24900 uses
    25000 uses
    25100 uses
    25200 uses
Reading "uart_core".
    100 uses
    200 uses
    300 uses
    400 uses
    500 uses
    600 uses
    700 uses
    800 uses
    900 uses
    1000 uses
    1100 uses
    1200 uses
    1300 uses
    1400 uses
    1500 uses
    1600 uses
    1700 uses
    1800 uses
    1900 uses
    2000 uses
    2100 uses
    2200 uses
    2300 uses
    2400 uses
    2500 uses
    2600 uses
    2700 uses
    2800 uses
    2900 uses
    3000 uses
    3100 uses
    3200 uses
    3300 uses
    3400 uses
    3500 uses
    3600 uses
    3700 uses
    3800 uses
    3900 uses
    4000 uses
    4100 uses
    4200 uses
    4300 uses
    4400 uses
    4500 uses
    4600 uses
    4700 uses
    4800 uses
    4900 uses
    5000 uses
    5100 uses
    5200 uses
    5300 uses
    5400 uses
    5500 uses
    5600 uses
    5700 uses
    5800 uses
    5900 uses
    6000 uses
    6100 uses
    6200 uses
    6300 uses
    6400 uses
    6500 uses
    6600 uses
    6700 uses
    6800 uses
    6900 uses
    7000 uses
    7100 uses
    7200 uses
    7300 uses
    7400 uses
    7500 uses
    7600 uses
    7700 uses
    7800 uses
    7900 uses
    8000 uses
    8100 uses
    8200 uses
    8300 uses
    8400 uses
    8500 uses
    8600 uses
    8700 uses
    8800 uses
    8900 uses
    9000 uses
    9100 uses
    9200 uses
    9300 uses
    9400 uses
    9500 uses
    9600 uses
    9700 uses
    9800 uses
    9900 uses
    10000 uses
    10100 uses
    10200 uses
    10300 uses
    10400 uses
    10500 uses
    10600 uses
    10700 uses
    10800 uses
    10900 uses
    11000 uses
    11100 uses
    11200 uses
    11300 uses
    11400 uses
    11500 uses
    11600 uses
    11700 uses
    11800 uses
    11900 uses
    12000 uses
    12100 uses
    12200 uses
    12300 uses
    12400 uses
    12500 uses
    12600 uses
    12700 uses
    12800 uses
    12900 uses
    13000 uses
    13100 uses
    13200 uses
    13300 uses
    13400 uses
    13500 uses
    13600 uses
    13700 uses
Reading "wb_interconnect".
    100 uses
    200 uses
    300 uses
    400 uses
    500 uses
    600 uses
    700 uses
    800 uses
    900 uses
    1000 uses
    1100 uses
    1200 uses
    1300 uses
    1400 uses
    1500 uses
    1600 uses
    1700 uses
    1800 uses
    1900 uses
    2000 uses
    2100 uses
    2200 uses
    2300 uses
    2400 uses
    2500 uses
    2600 uses
    2700 uses
    2800 uses
    2900 uses
    3000 uses
    3100 uses
    3200 uses
    3300 uses
    3400 uses
    3500 uses
    3600 uses
    3700 uses
    3800 uses
    3900 uses
    4000 uses
    4100 uses
    4200 uses
    4300 uses
    4400 uses
    4500 uses
    4600 uses
    4700 uses
    4800 uses
    4900 uses
    5000 uses
    5100 uses
    5200 uses
    5300 uses
    5400 uses
    5500 uses
    5600 uses
    5700 uses
    5800 uses
    5900 uses
    6000 uses
    6100 uses
    6200 uses
    6300 uses
    6400 uses
    6500 uses
    6600 uses
    6700 uses
    6800 uses
    6900 uses
    7000 uses
    7100 uses
    7200 uses
    7300 uses
    7400 uses
    7500 uses
    7600 uses
    7700 uses
    7800 uses
    7900 uses
    8000 uses
    8100 uses
    8200 uses
    8300 uses
    8400 uses
    8500 uses
    8600 uses
    8700 uses
    8800 uses
    8900 uses
    9000 uses
    9100 uses
    9200 uses
    9300 uses
    9400 uses
    9500 uses
    9600 uses
    9700 uses
    9800 uses
    9900 uses
    10000 uses
    10100 uses
    10200 uses
    10300 uses
    10400 uses
    10500 uses
    10600 uses
    10700 uses
    10800 uses
    10900 uses
    11000 uses
    11100 uses
    11200 uses
    11300 uses
    11400 uses
    11500 uses
    11600 uses
    11700 uses
    11800 uses
    11900 uses
    12000 uses
    12100 uses
    12200 uses
    12300 uses
    12400 uses
    12500 uses
    12600 uses
    12700 uses
    12800 uses
    12900 uses
    13000 uses
    13100 uses
    13200 uses
    13300 uses
    13400 uses
    13500 uses
    13600 uses
    13700 uses
    13800 uses
    13900 uses
    14000 uses
    14100 uses
    14200 uses
    14300 uses
    14400 uses
    14500 uses
    14600 uses
    14700 uses
    14800 uses
    14900 uses
    15000 uses
    15100 uses
    15200 uses
    15300 uses
    15400 uses
    15500 uses
    15600 uses
    15700 uses
    15800 uses
    15900 uses
    16000 uses
    16100 uses
    16200 uses
    16300 uses
    16400 uses
    16500 uses
    16600 uses
    16700 uses
    16800 uses
    16900 uses
    17000 uses
    17100 uses
    17200 uses
    17300 uses
    17400 uses
    17500 uses
    17600 uses
    17700 uses
    17800 uses
    17900 uses
    18000 uses
    18100 uses
    18200 uses
    18300 uses
    18400 uses
    18500 uses
    18600 uses
    18700 uses
    18800 uses
    18900 uses
    19000 uses
    19100 uses
    19200 uses
    19300 uses
    19400 uses
    19500 uses
    19600 uses
    19700 uses
    19800 uses
    19900 uses
    20000 uses
    20100 uses
    20200 uses
    20300 uses
    20400 uses
    20500 uses
    20600 uses
    20700 uses
    20800 uses
    20900 uses
    21000 uses
    21100 uses
    21200 uses
    21300 uses
    21400 uses
    21500 uses
    21600 uses
    21700 uses
    21800 uses
    21900 uses
    22000 uses
    22100 uses
    22200 uses
    22300 uses
    22400 uses
    22500 uses
    22600 uses
    22700 uses
    22800 uses
    22900 uses
    23000 uses
    23100 uses
    23200 uses
    23300 uses
    23400 uses
    23500 uses
    23600 uses
    23700 uses
    23800 uses
    23900 uses
    24000 uses
    24100 uses
    24200 uses
    24300 uses
    24400 uses
    24500 uses
    24600 uses
    24700 uses
    24800 uses
    24900 uses
    25000 uses
    25100 uses
    25200 uses
    25300 uses
    25400 uses
    25500 uses
    25600 uses
    25700 uses
    25800 uses
    25900 uses
    26000 uses
    26100 uses
    26200 uses
    26300 uses
    26400 uses
    26500 uses
    26600 uses
Reading "sdrc_top".
    100 uses
    200 uses
    300 uses
    400 uses
    500 uses
    600 uses
    700 uses
    800 uses
    900 uses
    1000 uses
    1100 uses
    1200 uses
    1300 uses
    1400 uses
    1500 uses
    1600 uses
    1700 uses
    1800 uses
    1900 uses
    2000 uses
    2100 uses
    2200 uses
    2300 uses
    2400 uses
    2500 uses
    2600 uses
    2700 uses
    2800 uses
    2900 uses
    3000 uses
    3100 uses
    3200 uses
    3300 uses
    3400 uses
    3500 uses
    3600 uses
    3700 uses
    3800 uses
    3900 uses
    4000 uses
    4100 uses
    4200 uses
    4300 uses
    4400 uses
    4500 uses
    4600 uses
    4700 uses
    4800 uses
    4900 uses
    5000 uses
    5100 uses
    5200 uses
    5300 uses
    5400 uses
    5500 uses
    5600 uses
    5700 uses
    5800 uses
    5900 uses
    6000 uses
    6100 uses
    6200 uses
    6300 uses
    6400 uses
    6500 uses
    6600 uses
    6700 uses
    6800 uses
    6900 uses
    7000 uses
    7100 uses
    7200 uses
    7300 uses
    7400 uses
    7500 uses
    7600 uses
    7700 uses
    7800 uses
    7900 uses
    8000 uses
    8100 uses
    8200 uses
    8300 uses
    8400 uses
    8500 uses
    8600 uses
    8700 uses
    8800 uses
    8900 uses
    9000 uses
    9100 uses
    9200 uses
    9300 uses
    9400 uses
    9500 uses
    9600 uses
    9700 uses
    9800 uses
    9900 uses
    10000 uses
    10100 uses
    10200 uses
    10300 uses
    10400 uses
    10500 uses
    10600 uses
    10700 uses
    10800 uses
    10900 uses
    11000 uses
    11100 uses
    11200 uses
    11300 uses
    11400 uses
    11500 uses
    11600 uses
    11700 uses
    11800 uses
    11900 uses
    12000 uses
    12100 uses
    12200 uses
    12300 uses
    12400 uses
    12500 uses
    12600 uses
    12700 uses
    12800 uses
    12900 uses
    13000 uses
    13100 uses
    13200 uses
    13300 uses
    13400 uses
    13500 uses
    13600 uses
    13700 uses
    13800 uses
    13900 uses
    14000 uses
    14100 uses
    14200 uses
    14300 uses
    14400 uses
    14500 uses
    14600 uses
    14700 uses
    14800 uses
    14900 uses
    15000 uses
    15100 uses
    15200 uses
    15300 uses
    15400 uses
    15500 uses
    15600 uses
    15700 uses
    15800 uses
    15900 uses
    16000 uses
    16100 uses
    16200 uses
    16300 uses
    16400 uses
    16500 uses
    16600 uses
    16700 uses
    16800 uses
    16900 uses
    17000 uses
    17100 uses
    17200 uses
    17300 uses
    17400 uses
    17500 uses
    17600 uses
    17700 uses
    17800 uses
    17900 uses
    18000 uses
    18100 uses
    18200 uses
    18300 uses
    18400 uses
    18500 uses
    18600 uses
    18700 uses
    18800 uses
    18900 uses
    19000 uses
    19100 uses
    19200 uses
    19300 uses
    19400 uses
    19500 uses
    19600 uses
    19700 uses
    19800 uses
    19900 uses
    20000 uses
    20100 uses
    20200 uses
    20300 uses
    20400 uses
    20500 uses
    20600 uses
    20700 uses
    20800 uses
    20900 uses
    21000 uses
    21100 uses
    21200 uses
    21300 uses
    21400 uses
    21500 uses
    21600 uses
    21700 uses
    21800 uses
    21900 uses
    22000 uses
    22100 uses
    22200 uses
    22300 uses
    22400 uses
    22500 uses
    22600 uses
    22700 uses
    22800 uses
    22900 uses
    23000 uses
    23100 uses
    23200 uses
    23300 uses
    23400 uses
    23500 uses
    23600 uses
    23700 uses
    23800 uses
    23900 uses
    24000 uses
    24100 uses
    24200 uses
    24300 uses
    24400 uses
    24500 uses
    24600 uses
    24700 uses
    24800 uses
    24900 uses
    25000 uses
    25100 uses
    25200 uses
    25300 uses
    25400 uses
    25500 uses
    25600 uses
    25700 uses
    25800 uses
    25900 uses
    26000 uses
    26100 uses
    26200 uses
    26300 uses
    26400 uses
    26500 uses
    26600 uses
    26700 uses
    26800 uses
    26900 uses
    27000 uses
    27100 uses
    27200 uses
    27300 uses
    27400 uses
    27500 uses
    27600 uses
    27700 uses
    27800 uses
    27900 uses
    28000 uses
    28100 uses
    28200 uses
    28300 uses
    28400 uses
    28500 uses
    28600 uses
    28700 uses
    28800 uses
    28900 uses
    29000 uses
    29100 uses
    29200 uses
    29300 uses
    29400 uses
    29500 uses
    29600 uses
    29700 uses
    29800 uses
    29900 uses
    30000 uses
    30100 uses
    30200 uses
    30300 uses
    30400 uses
    30500 uses
    30600 uses
    30700 uses
    30800 uses
    30900 uses
    31000 uses
    31100 uses
    31200 uses
    31300 uses
    31400 uses
    31500 uses
    31600 uses
    31700 uses
    31800 uses
    31900 uses
    32000 uses
    32100 uses
    32200 uses
    32300 uses
    32400 uses
    32500 uses
    32600 uses
    32700 uses
    32800 uses
    32900 uses
    33000 uses
    33100 uses
    33200 uses
    33300 uses
    33400 uses
    33500 uses
    33600 uses
    33700 uses
    33800 uses
    33900 uses
    34000 uses
    34100 uses
    34200 uses
    34300 uses
    34400 uses
    34500 uses
    34600 uses
    34700 uses
    34800 uses
    34900 uses
    35000 uses
    35100 uses
Reading "glbl_cfg".
    100 uses
    200 uses
    300 uses
    400 uses
    500 uses
    600 uses
    700 uses
    800 uses
    900 uses
    1000 uses
    1100 uses
    1200 uses
    1300 uses
    1400 uses
    1500 uses
    1600 uses
    1700 uses
    1800 uses
    1900 uses
    2000 uses
    2100 uses
    2200 uses
    2300 uses
    2400 uses
    2500 uses
    2600 uses
    2700 uses
    2800 uses
    2900 uses
    3000 uses
    3100 uses
    3200 uses
    3300 uses
    3400 uses
    3500 uses
    3600 uses
    3700 uses
    3800 uses
    3900 uses
    4000 uses
    4100 uses
    4200 uses
    4300 uses
    4400 uses
    4500 uses
    4600 uses
    4700 uses
    4800 uses
    4900 uses
    5000 uses
    5100 uses
    5200 uses
    5300 uses
    5400 uses
    5500 uses
    5600 uses
    5700 uses
    5800 uses
    5900 uses
    6000 uses
    6100 uses
    6200 uses
    6300 uses
    6400 uses
    6500 uses
    6600 uses
    6700 uses
    6800 uses
    6900 uses
    7000 uses
    7100 uses
    7200 uses
    7300 uses
    7400 uses
    7500 uses
    7600 uses
    7700 uses
    7800 uses
    7900 uses
    8000 uses
    8100 uses
    8200 uses
    8300 uses
    8400 uses
    8500 uses
    8600 uses
    8700 uses
    8800 uses
    8900 uses
    9000 uses
    9100 uses
    9200 uses
    9300 uses
    9400 uses
    9500 uses
    9600 uses
    9700 uses
    9800 uses
    9900 uses
    10000 uses
    10100 uses
    10200 uses
    10300 uses
    10400 uses
    10500 uses
    10600 uses
    10700 uses
    10800 uses
    10900 uses
    11000 uses
    11100 uses
    11200 uses
    11300 uses
    11400 uses
    11500 uses
    11600 uses
    11700 uses
    11800 uses
    11900 uses
    12000 uses
    12100 uses
    12200 uses
    12300 uses
    12400 uses
    12500 uses
    12600 uses
    12700 uses
    12800 uses
    12900 uses
    13000 uses
    13100 uses
    13200 uses
    13300 uses
    13400 uses
    13500 uses
    13600 uses
    13700 uses
    13800 uses
    13900 uses
    14000 uses
    14100 uses
Reading "sky130_fd_sc_hd__dlygate4sd3_1".
Reading "spim_top".
    100 uses
    200 uses
    300 uses
    400 uses
    500 uses
    600 uses
    700 uses
    800 uses
    900 uses
    1000 uses
    1100 uses
    1200 uses
    1300 uses
    1400 uses
    1500 uses
    1600 uses
    1700 uses
    1800 uses
    1900 uses
    2000 uses
    2100 uses
    2200 uses
    2300 uses
    2400 uses
    2500 uses
    2600 uses
    2700 uses
    2800 uses
    2900 uses
    3000 uses
    3100 uses
    3200 uses
    3300 uses
    3400 uses
    3500 uses
    3600 uses
    3700 uses
    3800 uses
    3900 uses
    4000 uses
    4100 uses
    4200 uses
    4300 uses
    4400 uses
    4500 uses
    4600 uses
    4700 uses
    4800 uses
    4900 uses
    5000 uses
    5100 uses
    5200 uses
    5300 uses
    5400 uses
    5500 uses
    5600 uses
    5700 uses
    5800 uses
    5900 uses
    6000 uses
    6100 uses
    6200 uses
    6300 uses
    6400 uses
    6500 uses
    6600 uses
    6700 uses
    6800 uses
    6900 uses
    7000 uses
    7100 uses
    7200 uses
    7300 uses
    7400 uses
    7500 uses
    7600 uses
    7700 uses
    7800 uses
    7900 uses
    8000 uses
    8100 uses
    8200 uses
    8300 uses
    8400 uses
    8500 uses
    8600 uses
    8700 uses
    8800 uses
    8900 uses
    9000 uses
    9100 uses
    9200 uses
    9300 uses
    9400 uses
    9500 uses
    9600 uses
    9700 uses
    9800 uses
    9900 uses
    10000 uses
    10100 uses
    10200 uses
    10300 uses
    10400 uses
    10500 uses
    10600 uses
    10700 uses
    10800 uses
    10900 uses
    11000 uses
    11100 uses
    11200 uses
    11300 uses
    11400 uses
    11500 uses
    11600 uses
    11700 uses
    11800 uses
    11900 uses
    12000 uses
    12100 uses
    12200 uses
    12300 uses
    12400 uses
    12500 uses
    12600 uses
    12700 uses
    12800 uses
    12900 uses
    13000 uses
    13100 uses
    13200 uses
    13300 uses
    13400 uses
    13500 uses
    13600 uses
    13700 uses
    13800 uses
    13900 uses
    14000 uses
    14100 uses
    14200 uses
    14300 uses
    14400 uses
    14500 uses
    14600 uses
    14700 uses
    14800 uses
    14900 uses
    15000 uses
    15100 uses
    15200 uses
    15300 uses
    15400 uses
    15500 uses
    15600 uses
    15700 uses
    15800 uses
    15900 uses
    16000 uses
    16100 uses
    16200 uses
    16300 uses
    16400 uses
    16500 uses
    16600 uses
    16700 uses
    16800 uses
    16900 uses
    17000 uses
    17100 uses
    17200 uses
    17300 uses
    17400 uses
    17500 uses
    17600 uses
    17700 uses
    17800 uses
    17900 uses
    18000 uses
    18100 uses
    18200 uses
    18300 uses
    18400 uses
    18500 uses
    18600 uses
    18700 uses
    18800 uses
    18900 uses
    19000 uses
    19100 uses
    19200 uses
    19300 uses
    19400 uses
    19500 uses
    19600 uses
    19700 uses
    19800 uses
    19900 uses
    20000 uses
    20100 uses
    20200 uses
    20300 uses
    20400 uses
    20500 uses
    20600 uses
    20700 uses
    20800 uses
    20900 uses
    21000 uses
    21100 uses
    21200 uses
    21300 uses
    21400 uses
    21500 uses
    21600 uses
    21700 uses
    21800 uses
    21900 uses
    22000 uses
    22100 uses
    22200 uses
    22300 uses
    22400 uses
    22500 uses
    22600 uses
    22700 uses
    22800 uses
    22900 uses
    23000 uses
    23100 uses
    23200 uses
    23300 uses
    23400 uses
    23500 uses
    23600 uses
    23700 uses
    23800 uses
    23900 uses
    24000 uses
    24100 uses
    24200 uses
    24300 uses
    24400 uses
    24500 uses
    24600 uses
    24700 uses
    24800 uses
    24900 uses
    25000 uses
    25100 uses
    25200 uses
    25300 uses
    25400 uses
    25500 uses
    25600 uses
    25700 uses
    25800 uses
    25900 uses
    26000 uses
    26100 uses
    26200 uses
    26300 uses
    26400 uses
    26500 uses
    26600 uses
    26700 uses
    26800 uses
    26900 uses
    27000 uses
    27100 uses
    27200 uses
    27300 uses
Reading "user_project_wrapper".
Root cell box:
           width x height  (   llx,  lly  ), (   urx,  ury  )  area (units^2)

microns:   20.00 x 3520.00  (-20.00,  0.00 ), (  0.00,  3520.00)  70400.00  
lambda:   2000.00 x 352000.00  (-2000.00,  0.00 ), (  0.00,  352000.00)  704000000.00
internal:   4000 x 704000  ( -4000,  0    ), (     0,  704000)  2816000000
Root cell box:
           width x height  (   llx,  lly  ), (   urx,  ury  )  area (units^2)

microns:   20.00 x 3520.00  ( 2920.00,  0.00 ), ( 2940.00,  3520.00)  70400.00  
lambda:   2000.00 x 352000.00  ( 292000.00,  0.00 ), ( 294000.00,  352000.00)  704000000.00
internal:   4000 x 704000  ( 584000,  0    ), ( 588000,  704000)  2816000000
Root cell box:
           width x height  (   llx,  lly  ), (   urx,  ury  )  area (units^2)

microns:  2960.00 x 20.00   (-20.00, -20.00), ( 2940.00,  0.00 )  59200.00  
lambda:   296000.00 x 2000.00  (-2000.00, -2000.00), ( 294000.00,  0.00 )  592000000.00
internal: 592000 x 4000    ( -4000, -4000 ), ( 588000,  0    )  2368000000
Root cell box:
           width x height  (   llx,  lly  ), (   urx,  ury  )  area (units^2)

microns:  2960.00 x 20.00   (-20.00,  3520.00), ( 2940.00,  3540.00)  59200.00  
lambda:   296000.00 x 2000.00  (-2000.00,  352000.00), ( 294000.00,  354000.00)  592000000.00
internal: 592000 x 4000    ( -4000,  704000), ( 588000,  708000)  2368000000
   Generating output for cell xor_target
/home/dinesha/workarea/opencore/git/yifive_r0/checks/user_project_wrapper_erased.gds
