FULL RUN LOG:
SPDX NON-COMPLIANT FILES
/home/dinesha/workarea/opencore/git/yifive_r0/a
/home/dinesha/workarea/opencore/git/yifive_r0/README.md
/home/dinesha/workarea/opencore/git/yifive_r0/test.v
/home/dinesha/workarea/opencore/git/yifive_r0/openlane/default.cvcrc
/home/dinesha/workarea/opencore/git/yifive_r0/openlane/syntacore/runs/syntacore/config.tcl
/home/dinesha/workarea/opencore/git/yifive_r0/openlane/syntacore/runs/syntacore/tmp/magic_spice.tcl
/home/dinesha/workarea/opencore/git/yifive_r0/openlane/syntacore/runs/syntacore/tmp/opt.lib
/home/dinesha/workarea/opencore/git/yifive_r0/openlane/syntacore/runs/syntacore/tmp/trimmed.lib
/home/dinesha/workarea/opencore/git/yifive_r0/openlane/syntacore/runs/syntacore/tmp/tracks_copy.info
/home/dinesha/workarea/opencore/git/yifive_r0/openlane/syntacore/runs/syntacore/tmp/sky130_fd_sc_hd__tt_025C_1v80.no_pg.lib
/home/dinesha/workarea/opencore/git/yifive_r0/openlane/syntacore/runs/syntacore/tmp/synthesis/hierarchy.dot
/home/dinesha/workarea/opencore/git/yifive_r0/openlane/syntacore/runs/syntacore/tmp/synthesis/yosys.sdc
/home/dinesha/workarea/opencore/git/yifive_r0/openlane/syntacore/runs/syntacore/tmp/routing/20-fastroute_4.guide
/home/dinesha/workarea/opencore/git/yifive_r0/openlane/syntacore/runs/syntacore/tmp/routing/24-tritonRoute.param
/home/dinesha/workarea/opencore/git/yifive_r0/openlane/syntacore/runs/syntacore/tmp/routing/17-fastroute.guide
/home/dinesha/workarea/opencore/git/yifive_r0/openlane/syntacore/runs/syntacore/tmp/routing/21-fastroute_5.guide
/home/dinesha/workarea/opencore/git/yifive_r0/openlane/syntacore/runs/syntacore/tmp/routing/24-tritonRoute.guide
/home/dinesha/workarea/opencore/git/yifive_r0/openlane/syntacore/runs/syntacore/tmp/routing/19-fastroute_3.guide
/home/dinesha/workarea/opencore/git/yifive_r0/openlane/syntacore/runs/syntacore/tmp/routing/18-fastroute_2.guide
/home/dinesha/workarea/opencore/git/yifive_r0/openlane/syntacore/runs/syntacore/tmp/magic/sky130_fd_sc_hd__conb_1.ext
/home/dinesha/workarea/opencore/git/yifive_r0/openlane/syntacore/runs/syntacore/tmp/magic/sky130_fd_sc_hd__nor2_4.ext
/home/dinesha/workarea/opencore/git/yifive_r0/openlane/syntacore/runs/syntacore/tmp/magic/sky130_fd_sc_hd__and2_4.ext
/home/dinesha/workarea/opencore/git/yifive_r0/openlane/syntacore/runs/syntacore/tmp/magic/sky130_fd_sc_hd__a21oi_4.ext
/home/dinesha/workarea/opencore/git/yifive_r0/openlane/syntacore/runs/syntacore/tmp/magic/sky130_fd_sc_hd__fill_2.ext
/home/dinesha/workarea/opencore/git/yifive_r0/openlane/syntacore/runs/syntacore/tmp/magic/sky130_fd_sc_hd__a32o_4.ext
/home/dinesha/workarea/opencore/git/yifive_r0/openlane/syntacore/runs/syntacore/tmp/magic/sky130_fd_sc_hd__or2_4.ext
/home/dinesha/workarea/opencore/git/yifive_r0/openlane/syntacore/runs/syntacore/tmp/magic/sky130_fd_sc_hd__clkbuf_16.ext
/home/dinesha/workarea/opencore/git/yifive_r0/openlane/syntacore/runs/syntacore/tmp/magic/sky130_fd_sc_hd__decap_4.ext
/home/dinesha/workarea/opencore/git/yifive_r0/openlane/syntacore/runs/syntacore/tmp/magic/sky130_fd_sc_hd__diode_2.ext
/home/dinesha/workarea/opencore/git/yifive_r0/openlane/syntacore/runs/syntacore/tmp/magic/sky130_fd_sc_hd__buf_4.ext
/home/dinesha/workarea/opencore/git/yifive_r0/openlane/syntacore/runs/syntacore/tmp/magic/sky130_fd_sc_hd__buf_8.ext
/home/dinesha/workarea/opencore/git/yifive_r0/openlane/syntacore/runs/syntacore/tmp/magic/sky130_fd_sc_hd__nand2_4.ext
/home/dinesha/workarea/opencore/git/yifive_r0/openlane/syntacore/runs/syntacore/tmp/magic/sky130_fd_sc_hd__a211o_4.ext
/home/dinesha/workarea/opencore/git/yifive_r0/openlane/syntacore/runs/syntacore/tmp/magic/sky130_fd_sc_hd__a21o_4.ext
/home/dinesha/workarea/opencore/git/yifive_r0/openlane/syntacore/runs/syntacore/tmp/magic/sky130_fd_sc_hd__a21boi_4.ext
/home/dinesha/workarea/opencore/git/yifive_r0/openlane/syntacore/runs/syntacore/tmp/magic/sky130_fd_sc_hd__buf_2.ext
/home/dinesha/workarea/opencore/git/yifive_r0/openlane/syntacore/runs/syntacore/tmp/magic/sky130_fd_sc_hd__or3_4.ext
/home/dinesha/workarea/opencore/git/yifive_r0/openlane/syntacore/runs/syntacore/tmp/magic/sky130_fd_sc_hd__decap_12.ext
/home/dinesha/workarea/opencore/git/yifive_r0/openlane/syntacore/runs/syntacore/tmp/magic/scr1_top_wb.ext
/home/dinesha/workarea/opencore/git/yifive_r0/openlane/syntacore/runs/syntacore/tmp/magic/sky130_fd_sc_hd__a2bb2o_4.ext
/home/dinesha/workarea/opencore/git/yifive_r0/openlane/syntacore/runs/syntacore/tmp/magic/sky130_fd_sc_hd__and4_4.ext
/home/dinesha/workarea/opencore/git/yifive_r0/openlane/syntacore/runs/syntacore/tmp/magic/sky130_fd_sc_hd__decap_3.ext
/home/dinesha/workarea/opencore/git/yifive_r0/openlane/syntacore/runs/syntacore/tmp/magic/sky130_fd_sc_hd__o21ai_4.ext
/home/dinesha/workarea/opencore/git/yifive_r0/openlane/syntacore/runs/syntacore/tmp/magic/sky130_fd_sc_hd__a22oi_4.ext
/home/dinesha/workarea/opencore/git/yifive_r0/openlane/syntacore/runs/syntacore/tmp/magic/sky130_fd_sc_hd__dfrtp_4.ext
/home/dinesha/workarea/opencore/git/yifive_r0/openlane/syntacore/runs/syntacore/tmp/magic/sky130_fd_sc_hd__dfxtp_4.ext
/home/dinesha/workarea/opencore/git/yifive_r0/openlane/syntacore/runs/syntacore/tmp/magic/sky130_fd_sc_hd__tapvpwrvgnd_1.ext
/home/dinesha/workarea/opencore/git/yifive_r0/openlane/syntacore/runs/syntacore/tmp/magic/sky130_fd_sc_hd__a2111o_4.ext
/home/dinesha/workarea/opencore/git/yifive_r0/openlane/syntacore/runs/syntacore/tmp/magic/sky130_fd_sc_hd__fill_1.ext
/home/dinesha/workarea/opencore/git/yifive_r0/openlane/syntacore/runs/syntacore/tmp/magic/sky130_fd_sc_hd__clkbuf_1.ext
/home/dinesha/workarea/opencore/git/yifive_r0/openlane/syntacore/runs/syntacore/tmp/magic/sky130_fd_sc_hd__o32a_4.ext
/home/dinesha/workarea/opencore/git/yifive_r0/openlane/syntacore/runs/syntacore/tmp/magic/sky130_fd_sc_hd__decap_6.ext
/home/dinesha/workarea/opencore/git/yifive_r0/openlane/syntacore/runs/syntacore/tmp/magic/sky130_fd_sc_hd__or4_4.ext
/home/dinesha/workarea/opencore/git/yifive_r0/openlane/syntacore/runs/syntacore/tmp/magic/sky130_fd_sc_hd__a21bo_4.ext
/home/dinesha/workarea/opencore/git/yifive_r0/openlane/syntacore/runs/syntacore/tmp/magic/sky130_fd_sc_hd__decap_8.ext
/home/dinesha/workarea/opencore/git/yifive_r0/openlane/syntacore/runs/syntacore/tmp/magic/sky130_fd_sc_hd__inv_2.ext
/home/dinesha/workarea/opencore/git/yifive_r0/openlane/syntacore/runs/syntacore/tmp/magic/sky130_fd_sc_hd__o21a_4.ext
/home/dinesha/workarea/opencore/git/yifive_r0/openlane/syntacore/runs/syntacore/tmp/magic/sky130_fd_sc_hd__o22a_4.ext
/home/dinesha/workarea/opencore/git/yifive_r0/openlane/syntacore/runs/syntacore/tmp/magic/sky130_fd_sc_hd__and3_4.ext
/home/dinesha/workarea/opencore/git/yifive_r0/openlane/syntacore/runs/syntacore/tmp/magic/sky130_fd_sc_hd__dfstp_4.ext
/home/dinesha/workarea/opencore/git/yifive_r0/openlane/syntacore/runs/syntacore/tmp/lvs/setup_file.lef.lvs
/home/dinesha/workarea/opencore/git/yifive_r0/openlane/syntacore/runs/syntacore/reports/runtime_summary_report.rpt.parsable
/home/dinesha/workarea/opencore/git/yifive_r0/openlane/syntacore/runs/syntacore/reports/runtime_summary_report.rpt
/home/dinesha/workarea/opencore/git/yifive_r0/openlane/syntacore/runs/syntacore/reports/manufacturability_report.rpt
/home/dinesha/workarea/opencore/git/yifive_r0/openlane/syntacore/runs/syntacore/reports/synthesis/1-yosys_4.chk.rpt
/home/dinesha/workarea/opencore/git/yifive_r0/openlane/syntacore/runs/syntacore/reports/synthesis/2-opensta.min_max.rpt
/home/dinesha/workarea/opencore/git/yifive_r0/openlane/syntacore/runs/syntacore/reports/synthesis/1-yosys_pre.stat
/home/dinesha/workarea/opencore/git/yifive_r0/openlane/syntacore/runs/syntacore/reports/synthesis/2-opensta_tns.rpt
/home/dinesha/workarea/opencore/git/yifive_r0/openlane/syntacore/runs/syntacore/reports/synthesis/11-opensta_post_openphysyn.rpt
/home/dinesha/workarea/opencore/git/yifive_r0/openlane/syntacore/runs/syntacore/reports/synthesis/11-opensta_post_openphysyn_tns.rpt
/home/dinesha/workarea/opencore/git/yifive_r0/openlane/syntacore/runs/syntacore/reports/synthesis/27-opensta_spef_wns.rpt
/home/dinesha/workarea/opencore/git/yifive_r0/openlane/syntacore/runs/syntacore/reports/synthesis/1-yosys_dff.stat
/home/dinesha/workarea/opencore/git/yifive_r0/openlane/syntacore/runs/syntacore/reports/synthesis/11-opensta_post_openphysyn.min_max.rpt
/home/dinesha/workarea/opencore/git/yifive_r0/openlane/syntacore/runs/syntacore/reports/synthesis/11-opensta_post_openphysyn.timing.rpt
/home/dinesha/workarea/opencore/git/yifive_r0/openlane/syntacore/runs/syntacore/reports/synthesis/27-opensta_spef.rpt
/home/dinesha/workarea/opencore/git/yifive_r0/openlane/syntacore/runs/syntacore/reports/synthesis/2-opensta_wns.rpt
/home/dinesha/workarea/opencore/git/yifive_r0/openlane/syntacore/runs/syntacore/reports/synthesis/27-opensta_spef_tns.rpt
/home/dinesha/workarea/opencore/git/yifive_r0/openlane/syntacore/runs/syntacore/reports/synthesis/2-opensta.rpt
/home/dinesha/workarea/opencore/git/yifive_r0/openlane/syntacore/runs/syntacore/reports/synthesis/27-opensta_spef.timing.rpt
/home/dinesha/workarea/opencore/git/yifive_r0/openlane/syntacore/runs/syntacore/reports/synthesis/2-opensta.timing.rpt
/home/dinesha/workarea/opencore/git/yifive_r0/openlane/syntacore/runs/syntacore/reports/synthesis/11-opensta_post_openphysyn_wns.rpt
/home/dinesha/workarea/opencore/git/yifive_r0/openlane/syntacore/runs/syntacore/reports/synthesis/27-opensta_spef.min_max.rpt
/home/dinesha/workarea/opencore/git/yifive_r0/openlane/syntacore/runs/syntacore/reports/synthesis/1-yosys_4.stat.rpt
/home/dinesha/workarea/opencore/git/yifive_r0/openlane/syntacore/runs/syntacore/reports/routing/45-antenna.rpt
/home/dinesha/workarea/opencore/git/yifive_r0/openlane/syntacore/runs/syntacore/reports/floorplan/3-verilog2def.die_area.rpt
/home/dinesha/workarea/opencore/git/yifive_r0/openlane/syntacore/runs/syntacore/reports/floorplan/3-verilog2def.core_area.rpt
/home/dinesha/workarea/opencore/git/yifive_r0/openlane/syntacore/runs/syntacore/reports/klayout/37-klayout.xor.rpt
/home/dinesha/workarea/opencore/git/yifive_r0/openlane/syntacore/runs/syntacore/reports/klayout/39-klayout.xor.rpt
/home/dinesha/workarea/opencore/git/yifive_r0/openlane/syntacore/runs/syntacore/reports/klayout/43-klayout.magic.lydrc
/home/dinesha/workarea/opencore/git/yifive_r0/openlane/syntacore/runs/syntacore/reports/placement/9-openphysyn_allchecks.rpt
/home/dinesha/workarea/opencore/git/yifive_r0/openlane/syntacore/runs/syntacore/reports/placement/9-openphysyn_tns.rpt
/home/dinesha/workarea/opencore/git/yifive_r0/openlane/syntacore/runs/syntacore/reports/placement/9-openphysyn_wns.rpt
/home/dinesha/workarea/opencore/git/yifive_r0/openlane/syntacore/runs/syntacore/reports/placement/9-openphysyn_violators.rpt
/home/dinesha/workarea/opencore/git/yifive_r0/openlane/syntacore/runs/syntacore/results/synthesis/scr1_top_wb.synthesis_preroute.v
/home/dinesha/workarea/opencore/git/yifive_r0/openlane/syntacore/runs/syntacore/results/synthesis/scr1_top_wb.synthesis.v
/home/dinesha/workarea/opencore/git/yifive_r0/openlane/syntacore/runs/syntacore/results/synthesis/scr1_top_wb.synthesis_cts.v
/home/dinesha/workarea/opencore/git/yifive_r0/openlane/syntacore/runs/syntacore/results/synthesis/scr1_top_wb.synthesis_optimized.v
/home/dinesha/workarea/opencore/git/yifive_r0/openlane/syntacore/runs/syntacore/results/routing/scr1_top_wb.spef
/home/dinesha/workarea/opencore/git/yifive_r0/openlane/syntacore/runs/syntacore/results/routing/scr1_top_wb.def.ref
/home/dinesha/workarea/opencore/git/yifive_r0/openlane/syntacore/runs/syntacore/results/magic/scr1_top_wb.gds.lydrc
/home/dinesha/workarea/opencore/git/yifive_r0/openlane/syntacore/runs/syntacore/results/magic/.magicrc
/home/dinesha/workarea/opencore/git/yifive_r0/openlane/syntacore/runs/syntacore/results/lvs/scr1_top_wb.lvs.powered.v
/home/dinesha/workarea/opencore/git/yifive_r0/openlane/syntacore/runs/syntacore/results/lvs/scr1_top_wb.lvs.lef.json
/home/dinesha/workarea/opencore/git/yifive_r0/openlane/syntacore/runs/syntacore/results/klayout/scr1_top_wb.lyp
/home/dinesha/workarea/opencore/git/yifive_r0/openlane/glbl_cfg/runs/glbl_cfg/config.tcl
/home/dinesha/workarea/opencore/git/yifive_r0/openlane/glbl_cfg/runs/glbl_cfg/tmp/magic_spice.tcl
/home/dinesha/workarea/opencore/git/yifive_r0/openlane/glbl_cfg/runs/glbl_cfg/tmp/opt.lib
/home/dinesha/workarea/opencore/git/yifive_r0/openlane/glbl_cfg/runs/glbl_cfg/tmp/trimmed.lib
/home/dinesha/workarea/opencore/git/yifive_r0/openlane/glbl_cfg/runs/glbl_cfg/tmp/tracks_copy.info
/home/dinesha/workarea/opencore/git/yifive_r0/openlane/glbl_cfg/runs/glbl_cfg/tmp/sky130_fd_sc_hd__tt_025C_1v80.no_pg.lib
/home/dinesha/workarea/opencore/git/yifive_r0/openlane/glbl_cfg/runs/glbl_cfg/tmp/synthesis/hierarchy.dot
/home/dinesha/workarea/opencore/git/yifive_r0/openlane/glbl_cfg/runs/glbl_cfg/tmp/synthesis/yosys.sdc
/home/dinesha/workarea/opencore/git/yifive_r0/openlane/glbl_cfg/runs/glbl_cfg/tmp/routing/23-tritonRoute.guide
/home/dinesha/workarea/opencore/git/yifive_r0/openlane/glbl_cfg/runs/glbl_cfg/tmp/routing/23-tritonRoute.param
/home/dinesha/workarea/opencore/git/yifive_r0/openlane/glbl_cfg/runs/glbl_cfg/tmp/routing/21-fastroute.guide
/home/dinesha/workarea/opencore/git/yifive_r0/openlane/glbl_cfg/runs/glbl_cfg/tmp/magic/sky130_fd_sc_hd__nor2_4.ext
/home/dinesha/workarea/opencore/git/yifive_r0/openlane/glbl_cfg/runs/glbl_cfg/tmp/magic/sky130_fd_sc_hd__and2_4.ext
/home/dinesha/workarea/opencore/git/yifive_r0/openlane/glbl_cfg/runs/glbl_cfg/tmp/magic/sky130_fd_sc_hd__fill_2.ext
/home/dinesha/workarea/opencore/git/yifive_r0/openlane/glbl_cfg/runs/glbl_cfg/tmp/magic/sky130_fd_sc_hd__a32o_4.ext
/home/dinesha/workarea/opencore/git/yifive_r0/openlane/glbl_cfg/runs/glbl_cfg/tmp/magic/sky130_fd_sc_hd__or2_4.ext
/home/dinesha/workarea/opencore/git/yifive_r0/openlane/glbl_cfg/runs/glbl_cfg/tmp/magic/sky130_fd_sc_hd__clkbuf_16.ext
/home/dinesha/workarea/opencore/git/yifive_r0/openlane/glbl_cfg/runs/glbl_cfg/tmp/magic/sky130_fd_sc_hd__decap_4.ext
/home/dinesha/workarea/opencore/git/yifive_r0/openlane/glbl_cfg/runs/glbl_cfg/tmp/magic/sky130_fd_sc_hd__diode_2.ext
/home/dinesha/workarea/opencore/git/yifive_r0/openlane/glbl_cfg/runs/glbl_cfg/tmp/magic/sky130_fd_sc_hd__nand2_4.ext
/home/dinesha/workarea/opencore/git/yifive_r0/openlane/glbl_cfg/runs/glbl_cfg/tmp/magic/sky130_fd_sc_hd__buf_2.ext
/home/dinesha/workarea/opencore/git/yifive_r0/openlane/glbl_cfg/runs/glbl_cfg/tmp/magic/sky130_fd_sc_hd__or3_4.ext
/home/dinesha/workarea/opencore/git/yifive_r0/openlane/glbl_cfg/runs/glbl_cfg/tmp/magic/sky130_fd_sc_hd__decap_12.ext
/home/dinesha/workarea/opencore/git/yifive_r0/openlane/glbl_cfg/runs/glbl_cfg/tmp/magic/sky130_fd_sc_hd__a2bb2o_4.ext
/home/dinesha/workarea/opencore/git/yifive_r0/openlane/glbl_cfg/runs/glbl_cfg/tmp/magic/sky130_fd_sc_hd__and4_4.ext
/home/dinesha/workarea/opencore/git/yifive_r0/openlane/glbl_cfg/runs/glbl_cfg/tmp/magic/sky130_fd_sc_hd__decap_3.ext
/home/dinesha/workarea/opencore/git/yifive_r0/openlane/glbl_cfg/runs/glbl_cfg/tmp/magic/sky130_fd_sc_hd__o21ai_4.ext
/home/dinesha/workarea/opencore/git/yifive_r0/openlane/glbl_cfg/runs/glbl_cfg/tmp/magic/sky130_fd_sc_hd__dfrtp_4.ext
/home/dinesha/workarea/opencore/git/yifive_r0/openlane/glbl_cfg/runs/glbl_cfg/tmp/magic/sky130_fd_sc_hd__tapvpwrvgnd_1.ext
/home/dinesha/workarea/opencore/git/yifive_r0/openlane/glbl_cfg/runs/glbl_cfg/tmp/magic/sky130_fd_sc_hd__fill_1.ext
/home/dinesha/workarea/opencore/git/yifive_r0/openlane/glbl_cfg/runs/glbl_cfg/tmp/magic/sky130_fd_sc_hd__clkbuf_1.ext
/home/dinesha/workarea/opencore/git/yifive_r0/openlane/glbl_cfg/runs/glbl_cfg/tmp/magic/sky130_fd_sc_hd__decap_6.ext
/home/dinesha/workarea/opencore/git/yifive_r0/openlane/glbl_cfg/runs/glbl_cfg/tmp/magic/sky130_fd_sc_hd__or4_4.ext
/home/dinesha/workarea/opencore/git/yifive_r0/openlane/glbl_cfg/runs/glbl_cfg/tmp/magic/sky130_fd_sc_hd__decap_8.ext
/home/dinesha/workarea/opencore/git/yifive_r0/openlane/glbl_cfg/runs/glbl_cfg/tmp/magic/sky130_fd_sc_hd__inv_2.ext
/home/dinesha/workarea/opencore/git/yifive_r0/openlane/glbl_cfg/runs/glbl_cfg/tmp/magic/glbl_cfg.ext
/home/dinesha/workarea/opencore/git/yifive_r0/openlane/glbl_cfg/runs/glbl_cfg/tmp/magic/sky130_fd_sc_hd__o21a_4.ext
/home/dinesha/workarea/opencore/git/yifive_r0/openlane/glbl_cfg/runs/glbl_cfg/tmp/magic/sky130_fd_sc_hd__o22a_4.ext
/home/dinesha/workarea/opencore/git/yifive_r0/openlane/glbl_cfg/runs/glbl_cfg/tmp/magic/sky130_fd_sc_hd__and3_4.ext
/home/dinesha/workarea/opencore/git/yifive_r0/openlane/glbl_cfg/runs/glbl_cfg/tmp/magic/sky130_fd_sc_hd__dfstp_4.ext
/home/dinesha/workarea/opencore/git/yifive_r0/openlane/glbl_cfg/runs/glbl_cfg/tmp/lvs/setup_file.lef.lvs
/home/dinesha/workarea/opencore/git/yifive_r0/openlane/glbl_cfg/runs/glbl_cfg/reports/runtime_summary_report.rpt.parsable
/home/dinesha/workarea/opencore/git/yifive_r0/openlane/glbl_cfg/runs/glbl_cfg/reports/runtime_summary_report.rpt
/home/dinesha/workarea/opencore/git/yifive_r0/openlane/glbl_cfg/runs/glbl_cfg/reports/manufacturability_report.rpt
/home/dinesha/workarea/opencore/git/yifive_r0/openlane/glbl_cfg/runs/glbl_cfg/reports/synthesis/26-opensta_spef_wns.rpt
/home/dinesha/workarea/opencore/git/yifive_r0/openlane/glbl_cfg/runs/glbl_cfg/reports/synthesis/1-yosys_4.chk.rpt
/home/dinesha/workarea/opencore/git/yifive_r0/openlane/glbl_cfg/runs/glbl_cfg/reports/synthesis/26-opensta_spef.min_max.rpt
/home/dinesha/workarea/opencore/git/yifive_r0/openlane/glbl_cfg/runs/glbl_cfg/reports/synthesis/26-opensta_spef_tns.rpt
/home/dinesha/workarea/opencore/git/yifive_r0/openlane/glbl_cfg/runs/glbl_cfg/reports/synthesis/2-opensta.min_max.rpt
/home/dinesha/workarea/opencore/git/yifive_r0/openlane/glbl_cfg/runs/glbl_cfg/reports/synthesis/1-yosys_pre.stat
/home/dinesha/workarea/opencore/git/yifive_r0/openlane/glbl_cfg/runs/glbl_cfg/reports/synthesis/2-opensta_tns.rpt
/home/dinesha/workarea/opencore/git/yifive_r0/openlane/glbl_cfg/runs/glbl_cfg/reports/synthesis/11-opensta_post_openphysyn.rpt
/home/dinesha/workarea/opencore/git/yifive_r0/openlane/glbl_cfg/runs/glbl_cfg/reports/synthesis/11-opensta_post_openphysyn_tns.rpt
/home/dinesha/workarea/opencore/git/yifive_r0/openlane/glbl_cfg/runs/glbl_cfg/reports/synthesis/1-yosys_dff.stat
/home/dinesha/workarea/opencore/git/yifive_r0/openlane/glbl_cfg/runs/glbl_cfg/reports/synthesis/11-opensta_post_openphysyn.min_max.rpt
/home/dinesha/workarea/opencore/git/yifive_r0/openlane/glbl_cfg/runs/glbl_cfg/reports/synthesis/11-opensta_post_openphysyn.timing.rpt
/home/dinesha/workarea/opencore/git/yifive_r0/openlane/glbl_cfg/runs/glbl_cfg/reports/synthesis/2-opensta_wns.rpt
/home/dinesha/workarea/opencore/git/yifive_r0/openlane/glbl_cfg/runs/glbl_cfg/reports/synthesis/2-opensta.rpt
/home/dinesha/workarea/opencore/git/yifive_r0/openlane/glbl_cfg/runs/glbl_cfg/reports/synthesis/26-opensta_spef.timing.rpt
/home/dinesha/workarea/opencore/git/yifive_r0/openlane/glbl_cfg/runs/glbl_cfg/reports/synthesis/2-opensta.timing.rpt
/home/dinesha/workarea/opencore/git/yifive_r0/openlane/glbl_cfg/runs/glbl_cfg/reports/synthesis/26-opensta_spef.rpt
/home/dinesha/workarea/opencore/git/yifive_r0/openlane/glbl_cfg/runs/glbl_cfg/reports/synthesis/11-opensta_post_openphysyn_wns.rpt
/home/dinesha/workarea/opencore/git/yifive_r0/openlane/glbl_cfg/runs/glbl_cfg/reports/synthesis/1-yosys_4.stat.rpt
/home/dinesha/workarea/opencore/git/yifive_r0/openlane/glbl_cfg/runs/glbl_cfg/reports/routing/44-antenna.rpt
/home/dinesha/workarea/opencore/git/yifive_r0/openlane/glbl_cfg/runs/glbl_cfg/reports/floorplan/3-verilog2def.die_area.rpt
/home/dinesha/workarea/opencore/git/yifive_r0/openlane/glbl_cfg/runs/glbl_cfg/reports/floorplan/3-verilog2def.core_area.rpt
/home/dinesha/workarea/opencore/git/yifive_r0/openlane/glbl_cfg/runs/glbl_cfg/reports/klayout/36-klayout.xor.rpt
/home/dinesha/workarea/opencore/git/yifive_r0/openlane/glbl_cfg/runs/glbl_cfg/reports/klayout/38-klayout.xor.rpt
/home/dinesha/workarea/opencore/git/yifive_r0/openlane/glbl_cfg/runs/glbl_cfg/reports/klayout/42-klayout.magic.lydrc
/home/dinesha/workarea/opencore/git/yifive_r0/openlane/glbl_cfg/runs/glbl_cfg/reports/placement/9-openphysyn_allchecks.rpt
/home/dinesha/workarea/opencore/git/yifive_r0/openlane/glbl_cfg/runs/glbl_cfg/reports/placement/9-openphysyn_tns.rpt
/home/dinesha/workarea/opencore/git/yifive_r0/openlane/glbl_cfg/runs/glbl_cfg/reports/placement/9-openphysyn_wns.rpt
/home/dinesha/workarea/opencore/git/yifive_r0/openlane/glbl_cfg/runs/glbl_cfg/reports/placement/9-openphysyn_violators.rpt
/home/dinesha/workarea/opencore/git/yifive_r0/openlane/glbl_cfg/runs/glbl_cfg/results/synthesis/glbl_cfg.synthesis_preroute.v
/home/dinesha/workarea/opencore/git/yifive_r0/openlane/glbl_cfg/runs/glbl_cfg/results/synthesis/glbl_cfg.synthesis_optimized.v
/home/dinesha/workarea/opencore/git/yifive_r0/openlane/glbl_cfg/runs/glbl_cfg/results/synthesis/glbl_cfg.synthesis_cts.v
/home/dinesha/workarea/opencore/git/yifive_r0/openlane/glbl_cfg/runs/glbl_cfg/results/synthesis/glbl_cfg.synthesis.v
/home/dinesha/workarea/opencore/git/yifive_r0/openlane/glbl_cfg/runs/glbl_cfg/results/synthesis/glbl_cfg.synthesis_diodes.v
/home/dinesha/workarea/opencore/git/yifive_r0/openlane/glbl_cfg/runs/glbl_cfg/results/routing/glbl_cfg.def.ref
/home/dinesha/workarea/opencore/git/yifive_r0/openlane/glbl_cfg/runs/glbl_cfg/results/routing/glbl_cfg.spef
/home/dinesha/workarea/opencore/git/yifive_r0/openlane/glbl_cfg/runs/glbl_cfg/results/magic/.magicrc
/home/dinesha/workarea/opencore/git/yifive_r0/openlane/glbl_cfg/runs/glbl_cfg/results/magic/glbl_cfg.gds.lydrc
/home/dinesha/workarea/opencore/git/yifive_r0/openlane/glbl_cfg/runs/glbl_cfg/results/lvs/glbl_cfg.lvs.powered.v
/home/dinesha/workarea/opencore/git/yifive_r0/openlane/glbl_cfg/runs/glbl_cfg/results/lvs/glbl_cfg.lvs.lef.json
/home/dinesha/workarea/opencore/git/yifive_r0/openlane/glbl_cfg/runs/glbl_cfg/results/klayout/glbl_cfg.lyp
/home/dinesha/workarea/opencore/git/yifive_r0/openlane/clk_skew_adjust/runs/clk_skew_adjust/config.tcl
/home/dinesha/workarea/opencore/git/yifive_r0/openlane/clk_skew_adjust/runs/clk_skew_adjust/tmp/magic_spice.tcl
/home/dinesha/workarea/opencore/git/yifive_r0/openlane/clk_skew_adjust/runs/clk_skew_adjust/tmp/opt.lib
/home/dinesha/workarea/opencore/git/yifive_r0/openlane/clk_skew_adjust/runs/clk_skew_adjust/tmp/trimmed.lib
/home/dinesha/workarea/opencore/git/yifive_r0/openlane/clk_skew_adjust/runs/clk_skew_adjust/tmp/tracks_copy.info
/home/dinesha/workarea/opencore/git/yifive_r0/openlane/clk_skew_adjust/runs/clk_skew_adjust/tmp/sky130_fd_sc_hd__tt_025C_1v80.no_pg.lib
/home/dinesha/workarea/opencore/git/yifive_r0/openlane/clk_skew_adjust/runs/clk_skew_adjust/tmp/synthesis/hierarchy.dot
/home/dinesha/workarea/opencore/git/yifive_r0/openlane/clk_skew_adjust/runs/clk_skew_adjust/tmp/synthesis/yosys.sdc
/home/dinesha/workarea/opencore/git/yifive_r0/openlane/clk_skew_adjust/runs/clk_skew_adjust/tmp/routing/13-fastroute.guide
/home/dinesha/workarea/opencore/git/yifive_r0/openlane/clk_skew_adjust/runs/clk_skew_adjust/tmp/routing/16-tritonRoute.param
/home/dinesha/workarea/opencore/git/yifive_r0/openlane/clk_skew_adjust/runs/clk_skew_adjust/tmp/routing/16-tritonRoute.guide
/home/dinesha/workarea/opencore/git/yifive_r0/openlane/clk_skew_adjust/runs/clk_skew_adjust/tmp/magic/clk_skew_adjust.ext
/home/dinesha/workarea/opencore/git/yifive_r0/openlane/clk_skew_adjust/runs/clk_skew_adjust/tmp/magic/sky130_fd_sc_hd__mux2_1.ext
/home/dinesha/workarea/opencore/git/yifive_r0/openlane/clk_skew_adjust/runs/clk_skew_adjust/tmp/magic/sky130_fd_sc_hd__fill_2.ext
/home/dinesha/workarea/opencore/git/yifive_r0/openlane/clk_skew_adjust/runs/clk_skew_adjust/tmp/magic/sky130_fd_sc_hd__decap_4.ext
/home/dinesha/workarea/opencore/git/yifive_r0/openlane/clk_skew_adjust/runs/clk_skew_adjust/tmp/magic/sky130_fd_sc_hd__decap_12.ext
/home/dinesha/workarea/opencore/git/yifive_r0/openlane/clk_skew_adjust/runs/clk_skew_adjust/tmp/magic/sky130_fd_sc_hd__decap_3.ext
/home/dinesha/workarea/opencore/git/yifive_r0/openlane/clk_skew_adjust/runs/clk_skew_adjust/tmp/magic/sky130_fd_sc_hd__tapvpwrvgnd_1.ext
/home/dinesha/workarea/opencore/git/yifive_r0/openlane/clk_skew_adjust/runs/clk_skew_adjust/tmp/magic/sky130_fd_sc_hd__fill_1.ext
/home/dinesha/workarea/opencore/git/yifive_r0/openlane/clk_skew_adjust/runs/clk_skew_adjust/tmp/magic/sky130_fd_sc_hd__clkbuf_1.ext
/home/dinesha/workarea/opencore/git/yifive_r0/openlane/clk_skew_adjust/runs/clk_skew_adjust/tmp/magic/sky130_fd_sc_hd__decap_6.ext
/home/dinesha/workarea/opencore/git/yifive_r0/openlane/clk_skew_adjust/runs/clk_skew_adjust/tmp/magic/sky130_fd_sc_hd__decap_8.ext
/home/dinesha/workarea/opencore/git/yifive_r0/openlane/clk_skew_adjust/runs/clk_skew_adjust/tmp/lvs/setup_file.lef.lvs
/home/dinesha/workarea/opencore/git/yifive_r0/openlane/clk_skew_adjust/runs/clk_skew_adjust/reports/runtime_summary_report.rpt.parsable
/home/dinesha/workarea/opencore/git/yifive_r0/openlane/clk_skew_adjust/runs/clk_skew_adjust/reports/runtime_summary_report.rpt
/home/dinesha/workarea/opencore/git/yifive_r0/openlane/clk_skew_adjust/runs/clk_skew_adjust/reports/manufacturability_report.rpt
/home/dinesha/workarea/opencore/git/yifive_r0/openlane/clk_skew_adjust/runs/clk_skew_adjust/reports/synthesis/1-yosys_4.chk.rpt
/home/dinesha/workarea/opencore/git/yifive_r0/openlane/clk_skew_adjust/runs/clk_skew_adjust/reports/synthesis/1-yosys_pre.stat
/home/dinesha/workarea/opencore/git/yifive_r0/openlane/clk_skew_adjust/runs/clk_skew_adjust/reports/synthesis/1-yosys_dff.stat
/home/dinesha/workarea/opencore/git/yifive_r0/openlane/clk_skew_adjust/runs/clk_skew_adjust/reports/synthesis/1-yosys_4.stat.rpt
/home/dinesha/workarea/opencore/git/yifive_r0/openlane/clk_skew_adjust/runs/clk_skew_adjust/reports/routing/36-antenna.rpt
/home/dinesha/workarea/opencore/git/yifive_r0/openlane/clk_skew_adjust/runs/clk_skew_adjust/reports/floorplan/2-verilog2def.core_area.rpt
/home/dinesha/workarea/opencore/git/yifive_r0/openlane/clk_skew_adjust/runs/clk_skew_adjust/reports/floorplan/2-verilog2def.die_area.rpt
/home/dinesha/workarea/opencore/git/yifive_r0/openlane/clk_skew_adjust/runs/clk_skew_adjust/reports/klayout/30-klayout.xor.rpt
/home/dinesha/workarea/opencore/git/yifive_r0/openlane/clk_skew_adjust/runs/clk_skew_adjust/reports/klayout/28-klayout.xor.rpt
/home/dinesha/workarea/opencore/git/yifive_r0/openlane/clk_skew_adjust/runs/clk_skew_adjust/reports/klayout/34-klayout.magic.lydrc
/home/dinesha/workarea/opencore/git/yifive_r0/openlane/clk_skew_adjust/runs/clk_skew_adjust/reports/placement/8-openphysyn_wns.rpt
/home/dinesha/workarea/opencore/git/yifive_r0/openlane/clk_skew_adjust/runs/clk_skew_adjust/reports/placement/8-openphysyn_tns.rpt
/home/dinesha/workarea/opencore/git/yifive_r0/openlane/clk_skew_adjust/runs/clk_skew_adjust/reports/placement/8-openphysyn_allchecks.rpt
/home/dinesha/workarea/opencore/git/yifive_r0/openlane/clk_skew_adjust/runs/clk_skew_adjust/results/synthesis/clk_skew_adjust.synthesis_preroute.v
/home/dinesha/workarea/opencore/git/yifive_r0/openlane/clk_skew_adjust/runs/clk_skew_adjust/results/synthesis/clk_skew_adjust.synthesis_optimized.v
/home/dinesha/workarea/opencore/git/yifive_r0/openlane/clk_skew_adjust/runs/clk_skew_adjust/results/synthesis/clk_skew_adjust.synthesis.v
/home/dinesha/workarea/opencore/git/yifive_r0/openlane/clk_skew_adjust/runs/clk_skew_adjust/results/cvc/cvc_clk_skew_adjust.error
/home/dinesha/workarea/opencore/git/yifive_r0/openlane/clk_skew_adjust/runs/clk_skew_adjust/results/cvc/cvc_clk_skew_adjust.debug
/home/dinesha/workarea/opencore/git/yifive_r0/openlane/clk_skew_adjust/runs/clk_skew_adjust/results/cvc/clk_skew_adjust.cdl
/home/dinesha/workarea/opencore/git/yifive_r0/openlane/clk_skew_adjust/runs/clk_skew_adjust/results/cvc/clk_skew_adjust.power
/home/dinesha/workarea/opencore/git/yifive_r0/openlane/clk_skew_adjust/runs/clk_skew_adjust/results/routing/clk_skew_adjust.spef
/home/dinesha/workarea/opencore/git/yifive_r0/openlane/clk_skew_adjust/runs/clk_skew_adjust/results/routing/clk_skew_adjust.def.ref
/home/dinesha/workarea/opencore/git/yifive_r0/openlane/clk_skew_adjust/runs/clk_skew_adjust/results/magic/.magicrc
/home/dinesha/workarea/opencore/git/yifive_r0/openlane/clk_skew_adjust/runs/clk_skew_adjust/results/magic/clk_skew_adjust.gds.lydrc
/home/dinesha/workarea/opencore/git/yifive_r0/openlane/clk_skew_adjust/runs/clk_skew_adjust/results/lvs/clk_skew_adjust.lvs.powered.v
/home/dinesha/workarea/opencore/git/yifive_r0/openlane/clk_skew_adjust/runs/clk_skew_adjust/results/lvs/clk_skew_adjust.lvs.lef.json
/home/dinesha/workarea/opencore/git/yifive_r0/openlane/clk_skew_adjust/runs/clk_skew_adjust/results/klayout/clk_skew_adjust.lyp
/home/dinesha/workarea/opencore/git/yifive_r0/openlane/wb_host/runs/wb_host/config.tcl
/home/dinesha/workarea/opencore/git/yifive_r0/openlane/wb_host/runs/wb_host/tmp/magic_spice.tcl
/home/dinesha/workarea/opencore/git/yifive_r0/openlane/wb_host/runs/wb_host/tmp/opt.lib
/home/dinesha/workarea/opencore/git/yifive_r0/openlane/wb_host/runs/wb_host/tmp/trimmed.lib
/home/dinesha/workarea/opencore/git/yifive_r0/openlane/wb_host/runs/wb_host/tmp/tracks_copy.info
/home/dinesha/workarea/opencore/git/yifive_r0/openlane/wb_host/runs/wb_host/tmp/sky130_fd_sc_hd__tt_025C_1v80.no_pg.lib
/home/dinesha/workarea/opencore/git/yifive_r0/openlane/wb_host/runs/wb_host/tmp/synthesis/hierarchy.dot
/home/dinesha/workarea/opencore/git/yifive_r0/openlane/wb_host/runs/wb_host/tmp/synthesis/yosys.sdc
/home/dinesha/workarea/opencore/git/yifive_r0/openlane/wb_host/runs/wb_host/tmp/routing/23-tritonRoute.guide
/home/dinesha/workarea/opencore/git/yifive_r0/openlane/wb_host/runs/wb_host/tmp/routing/23-tritonRoute.param
/home/dinesha/workarea/opencore/git/yifive_r0/openlane/wb_host/runs/wb_host/tmp/routing/21-fastroute.guide
/home/dinesha/workarea/opencore/git/yifive_r0/openlane/wb_host/runs/wb_host/tmp/magic/sky130_fd_sc_hd__conb_1.ext
/home/dinesha/workarea/opencore/git/yifive_r0/openlane/wb_host/runs/wb_host/tmp/magic/sky130_fd_sc_hd__nor2_4.ext
/home/dinesha/workarea/opencore/git/yifive_r0/openlane/wb_host/runs/wb_host/tmp/magic/sky130_fd_sc_hd__and2_4.ext
/home/dinesha/workarea/opencore/git/yifive_r0/openlane/wb_host/runs/wb_host/tmp/magic/sky130_fd_sc_hd__a21oi_4.ext
/home/dinesha/workarea/opencore/git/yifive_r0/openlane/wb_host/runs/wb_host/tmp/magic/sky130_fd_sc_hd__fill_2.ext
/home/dinesha/workarea/opencore/git/yifive_r0/openlane/wb_host/runs/wb_host/tmp/magic/sky130_fd_sc_hd__a32o_4.ext
/home/dinesha/workarea/opencore/git/yifive_r0/openlane/wb_host/runs/wb_host/tmp/magic/sky130_fd_sc_hd__or2_4.ext
/home/dinesha/workarea/opencore/git/yifive_r0/openlane/wb_host/runs/wb_host/tmp/magic/sky130_fd_sc_hd__clkbuf_16.ext
/home/dinesha/workarea/opencore/git/yifive_r0/openlane/wb_host/runs/wb_host/tmp/magic/sky130_fd_sc_hd__decap_4.ext
/home/dinesha/workarea/opencore/git/yifive_r0/openlane/wb_host/runs/wb_host/tmp/magic/sky130_fd_sc_hd__diode_2.ext
/home/dinesha/workarea/opencore/git/yifive_r0/openlane/wb_host/runs/wb_host/tmp/magic/sky130_fd_sc_hd__a211o_4.ext
/home/dinesha/workarea/opencore/git/yifive_r0/openlane/wb_host/runs/wb_host/tmp/magic/sky130_fd_sc_hd__a21o_4.ext
/home/dinesha/workarea/opencore/git/yifive_r0/openlane/wb_host/runs/wb_host/tmp/magic/sky130_fd_sc_hd__buf_2.ext
/home/dinesha/workarea/opencore/git/yifive_r0/openlane/wb_host/runs/wb_host/tmp/magic/sky130_fd_sc_hd__or3_4.ext
/home/dinesha/workarea/opencore/git/yifive_r0/openlane/wb_host/runs/wb_host/tmp/magic/sky130_fd_sc_hd__decap_12.ext
/home/dinesha/workarea/opencore/git/yifive_r0/openlane/wb_host/runs/wb_host/tmp/magic/sky130_ef_sc_hd__fakediode_2.ext
/home/dinesha/workarea/opencore/git/yifive_r0/openlane/wb_host/runs/wb_host/tmp/magic/sky130_fd_sc_hd__a2bb2o_4.ext
/home/dinesha/workarea/opencore/git/yifive_r0/openlane/wb_host/runs/wb_host/tmp/magic/sky130_fd_sc_hd__and4_4.ext
/home/dinesha/workarea/opencore/git/yifive_r0/openlane/wb_host/runs/wb_host/tmp/magic/wb_host.ext
/home/dinesha/workarea/opencore/git/yifive_r0/openlane/wb_host/runs/wb_host/tmp/magic/sky130_fd_sc_hd__decap_3.ext
/home/dinesha/workarea/opencore/git/yifive_r0/openlane/wb_host/runs/wb_host/tmp/magic/sky130_fd_sc_hd__o21ai_4.ext
/home/dinesha/workarea/opencore/git/yifive_r0/openlane/wb_host/runs/wb_host/tmp/magic/sky130_fd_sc_hd__dfrtp_4.ext
/home/dinesha/workarea/opencore/git/yifive_r0/openlane/wb_host/runs/wb_host/tmp/magic/sky130_fd_sc_hd__dfxtp_4.ext
/home/dinesha/workarea/opencore/git/yifive_r0/openlane/wb_host/runs/wb_host/tmp/magic/sky130_fd_sc_hd__tapvpwrvgnd_1.ext
/home/dinesha/workarea/opencore/git/yifive_r0/openlane/wb_host/runs/wb_host/tmp/magic/sky130_fd_sc_hd__a2111o_4.ext
/home/dinesha/workarea/opencore/git/yifive_r0/openlane/wb_host/runs/wb_host/tmp/magic/sky130_fd_sc_hd__fill_1.ext
/home/dinesha/workarea/opencore/git/yifive_r0/openlane/wb_host/runs/wb_host/tmp/magic/sky130_fd_sc_hd__clkbuf_1.ext
/home/dinesha/workarea/opencore/git/yifive_r0/openlane/wb_host/runs/wb_host/tmp/magic/sky130_fd_sc_hd__decap_6.ext
/home/dinesha/workarea/opencore/git/yifive_r0/openlane/wb_host/runs/wb_host/tmp/magic/sky130_fd_sc_hd__or4_4.ext
/home/dinesha/workarea/opencore/git/yifive_r0/openlane/wb_host/runs/wb_host/tmp/magic/sky130_fd_sc_hd__a21bo_4.ext
/home/dinesha/workarea/opencore/git/yifive_r0/openlane/wb_host/runs/wb_host/tmp/magic/sky130_fd_sc_hd__decap_8.ext
/home/dinesha/workarea/opencore/git/yifive_r0/openlane/wb_host/runs/wb_host/tmp/magic/sky130_fd_sc_hd__inv_2.ext
/home/dinesha/workarea/opencore/git/yifive_r0/openlane/wb_host/runs/wb_host/tmp/magic/sky130_fd_sc_hd__o21a_4.ext
/home/dinesha/workarea/opencore/git/yifive_r0/openlane/wb_host/runs/wb_host/tmp/magic/sky130_fd_sc_hd__o22a_4.ext
/home/dinesha/workarea/opencore/git/yifive_r0/openlane/wb_host/runs/wb_host/tmp/magic/sky130_fd_sc_hd__and3_4.ext
/home/dinesha/workarea/opencore/git/yifive_r0/openlane/wb_host/runs/wb_host/tmp/magic/sky130_fd_sc_hd__dfstp_4.ext
/home/dinesha/workarea/opencore/git/yifive_r0/openlane/wb_host/runs/wb_host/tmp/lvs/setup_file.lef.lvs
/home/dinesha/workarea/opencore/git/yifive_r0/openlane/wb_host/runs/wb_host/reports/runtime_summary_report.rpt.parsable
/home/dinesha/workarea/opencore/git/yifive_r0/openlane/wb_host/runs/wb_host/reports/runtime_summary_report.rpt
/home/dinesha/workarea/opencore/git/yifive_r0/openlane/wb_host/runs/wb_host/reports/manufacturability_report.rpt
/home/dinesha/workarea/opencore/git/yifive_r0/openlane/wb_host/runs/wb_host/reports/synthesis/26-opensta_spef_wns.rpt
/home/dinesha/workarea/opencore/git/yifive_r0/openlane/wb_host/runs/wb_host/reports/synthesis/1-yosys_4.chk.rpt
/home/dinesha/workarea/opencore/git/yifive_r0/openlane/wb_host/runs/wb_host/reports/synthesis/26-opensta_spef.min_max.rpt
/home/dinesha/workarea/opencore/git/yifive_r0/openlane/wb_host/runs/wb_host/reports/synthesis/26-opensta_spef_tns.rpt
/home/dinesha/workarea/opencore/git/yifive_r0/openlane/wb_host/runs/wb_host/reports/synthesis/2-opensta.min_max.rpt
/home/dinesha/workarea/opencore/git/yifive_r0/openlane/wb_host/runs/wb_host/reports/synthesis/1-yosys_pre.stat
/home/dinesha/workarea/opencore/git/yifive_r0/openlane/wb_host/runs/wb_host/reports/synthesis/2-opensta_tns.rpt
/home/dinesha/workarea/opencore/git/yifive_r0/openlane/wb_host/runs/wb_host/reports/synthesis/11-opensta_post_openphysyn.rpt
/home/dinesha/workarea/opencore/git/yifive_r0/openlane/wb_host/runs/wb_host/reports/synthesis/11-opensta_post_openphysyn_tns.rpt
/home/dinesha/workarea/opencore/git/yifive_r0/openlane/wb_host/runs/wb_host/reports/synthesis/1-yosys_dff.stat
/home/dinesha/workarea/opencore/git/yifive_r0/openlane/wb_host/runs/wb_host/reports/synthesis/11-opensta_post_openphysyn.min_max.rpt
/home/dinesha/workarea/opencore/git/yifive_r0/openlane/wb_host/runs/wb_host/reports/synthesis/11-opensta_post_openphysyn.timing.rpt
/home/dinesha/workarea/opencore/git/yifive_r0/openlane/wb_host/runs/wb_host/reports/synthesis/2-opensta_wns.rpt
/home/dinesha/workarea/opencore/git/yifive_r0/openlane/wb_host/runs/wb_host/reports/synthesis/2-opensta.rpt
/home/dinesha/workarea/opencore/git/yifive_r0/openlane/wb_host/runs/wb_host/reports/synthesis/26-opensta_spef.timing.rpt
/home/dinesha/workarea/opencore/git/yifive_r0/openlane/wb_host/runs/wb_host/reports/synthesis/2-opensta.timing.rpt
/home/dinesha/workarea/opencore/git/yifive_r0/openlane/wb_host/runs/wb_host/reports/synthesis/26-opensta_spef.rpt
/home/dinesha/workarea/opencore/git/yifive_r0/openlane/wb_host/runs/wb_host/reports/synthesis/11-opensta_post_openphysyn_wns.rpt
/home/dinesha/workarea/opencore/git/yifive_r0/openlane/wb_host/runs/wb_host/reports/synthesis/1-yosys_4.stat.rpt
/home/dinesha/workarea/opencore/git/yifive_r0/openlane/wb_host/runs/wb_host/reports/routing/46-antenna.rpt
/home/dinesha/workarea/opencore/git/yifive_r0/openlane/wb_host/runs/wb_host/reports/routing/28-antenna.rpt
/home/dinesha/workarea/opencore/git/yifive_r0/openlane/wb_host/runs/wb_host/reports/floorplan/3-verilog2def.die_area.rpt
/home/dinesha/workarea/opencore/git/yifive_r0/openlane/wb_host/runs/wb_host/reports/floorplan/3-verilog2def.core_area.rpt
/home/dinesha/workarea/opencore/git/yifive_r0/openlane/wb_host/runs/wb_host/reports/klayout/40-klayout.xor.rpt
/home/dinesha/workarea/opencore/git/yifive_r0/openlane/wb_host/runs/wb_host/reports/klayout/38-klayout.xor.rpt
/home/dinesha/workarea/opencore/git/yifive_r0/openlane/wb_host/runs/wb_host/reports/klayout/44-klayout.magic.lydrc
/home/dinesha/workarea/opencore/git/yifive_r0/openlane/wb_host/runs/wb_host/reports/placement/9-openphysyn_allchecks.rpt
/home/dinesha/workarea/opencore/git/yifive_r0/openlane/wb_host/runs/wb_host/reports/placement/9-openphysyn_tns.rpt
/home/dinesha/workarea/opencore/git/yifive_r0/openlane/wb_host/runs/wb_host/reports/placement/9-openphysyn_wns.rpt
/home/dinesha/workarea/opencore/git/yifive_r0/openlane/wb_host/runs/wb_host/results/synthesis/wb_host.synthesis_cts.v
/home/dinesha/workarea/opencore/git/yifive_r0/openlane/wb_host/runs/wb_host/results/synthesis/wb_host.synthesis.v
/home/dinesha/workarea/opencore/git/yifive_r0/openlane/wb_host/runs/wb_host/results/synthesis/wb_host.synthesis_preroute.v
/home/dinesha/workarea/opencore/git/yifive_r0/openlane/wb_host/runs/wb_host/results/synthesis/wb_host.synthesis_diodes.v
/home/dinesha/workarea/opencore/git/yifive_r0/openlane/wb_host/runs/wb_host/results/synthesis/wb_host.synthesis_optimized.v
/home/dinesha/workarea/opencore/git/yifive_r0/openlane/wb_host/runs/wb_host/results/routing/wb_host.spef
/home/dinesha/workarea/opencore/git/yifive_r0/openlane/wb_host/runs/wb_host/results/routing/wb_host.def.ref
/home/dinesha/workarea/opencore/git/yifive_r0/openlane/wb_host/runs/wb_host/results/magic/.magicrc
/home/dinesha/workarea/opencore/git/yifive_r0/openlane/wb_host/runs/wb_host/results/magic/wb_host.gds.lydrc
/home/dinesha/workarea/opencore/git/yifive_r0/openlane/wb_host/runs/wb_host/results/lvs/wb_host.lvs.powered.v
/home/dinesha/workarea/opencore/git/yifive_r0/openlane/wb_host/runs/wb_host/results/lvs/wb_host.lvs.lef.json
/home/dinesha/workarea/opencore/git/yifive_r0/openlane/wb_host/runs/wb_host/results/klayout/wb_host.lyp
/home/dinesha/workarea/opencore/git/yifive_r0/openlane/wb_host/runs/wb_host/logs/synthesis/2-opensta
/home/dinesha/workarea/opencore/git/yifive_r0/openlane/wb_host/runs/wb_host/logs/synthesis/26-opensta_spef
/home/dinesha/workarea/opencore/git/yifive_r0/openlane/wb_host/runs/wb_host/logs/synthesis/11-opensta_post_openphysyn
/home/dinesha/workarea/opencore/git/yifive_r0/openlane/uart/runs/uart/config.tcl
/home/dinesha/workarea/opencore/git/yifive_r0/openlane/uart/runs/uart/tmp/magic_spice.tcl
/home/dinesha/workarea/opencore/git/yifive_r0/openlane/uart/runs/uart/tmp/opt.lib
/home/dinesha/workarea/opencore/git/yifive_r0/openlane/uart/runs/uart/tmp/trimmed.lib
/home/dinesha/workarea/opencore/git/yifive_r0/openlane/uart/runs/uart/tmp/tracks_copy.info
/home/dinesha/workarea/opencore/git/yifive_r0/openlane/uart/runs/uart/tmp/sky130_fd_sc_hd__tt_025C_1v80.no_pg.lib
/home/dinesha/workarea/opencore/git/yifive_r0/openlane/uart/runs/uart/tmp/synthesis/hierarchy.dot
/home/dinesha/workarea/opencore/git/yifive_r0/openlane/uart/runs/uart/tmp/synthesis/yosys.sdc
/home/dinesha/workarea/opencore/git/yifive_r0/openlane/uart/runs/uart/tmp/routing/23-tritonRoute.guide
/home/dinesha/workarea/opencore/git/yifive_r0/openlane/uart/runs/uart/tmp/routing/23-tritonRoute.param
/home/dinesha/workarea/opencore/git/yifive_r0/openlane/uart/runs/uart/tmp/routing/21-fastroute.guide
/home/dinesha/workarea/opencore/git/yifive_r0/openlane/uart/runs/uart/tmp/magic/sky130_fd_sc_hd__inv_4.ext
/home/dinesha/workarea/opencore/git/yifive_r0/openlane/uart/runs/uart/tmp/magic/sky130_fd_sc_hd__conb_1.ext
/home/dinesha/workarea/opencore/git/yifive_r0/openlane/uart/runs/uart/tmp/magic/sky130_fd_sc_hd__nor2_4.ext
/home/dinesha/workarea/opencore/git/yifive_r0/openlane/uart/runs/uart/tmp/magic/sky130_fd_sc_hd__and2_4.ext
/home/dinesha/workarea/opencore/git/yifive_r0/openlane/uart/runs/uart/tmp/magic/sky130_fd_sc_hd__a21oi_4.ext
/home/dinesha/workarea/opencore/git/yifive_r0/openlane/uart/runs/uart/tmp/magic/sky130_fd_sc_hd__fill_2.ext
/home/dinesha/workarea/opencore/git/yifive_r0/openlane/uart/runs/uart/tmp/magic/sky130_fd_sc_hd__a32o_4.ext
/home/dinesha/workarea/opencore/git/yifive_r0/openlane/uart/runs/uart/tmp/magic/sky130_fd_sc_hd__or2_4.ext
/home/dinesha/workarea/opencore/git/yifive_r0/openlane/uart/runs/uart/tmp/magic/sky130_fd_sc_hd__clkbuf_16.ext
/home/dinesha/workarea/opencore/git/yifive_r0/openlane/uart/runs/uart/tmp/magic/sky130_fd_sc_hd__decap_4.ext
/home/dinesha/workarea/opencore/git/yifive_r0/openlane/uart/runs/uart/tmp/magic/sky130_fd_sc_hd__diode_2.ext
/home/dinesha/workarea/opencore/git/yifive_r0/openlane/uart/runs/uart/tmp/magic/sky130_fd_sc_hd__buf_4.ext
/home/dinesha/workarea/opencore/git/yifive_r0/openlane/uart/runs/uart/tmp/magic/sky130_fd_sc_hd__buf_8.ext
/home/dinesha/workarea/opencore/git/yifive_r0/openlane/uart/runs/uart/tmp/magic/sky130_fd_sc_hd__nand2_4.ext
/home/dinesha/workarea/opencore/git/yifive_r0/openlane/uart/runs/uart/tmp/magic/sky130_fd_sc_hd__a211o_4.ext
/home/dinesha/workarea/opencore/git/yifive_r0/openlane/uart/runs/uart/tmp/magic/sky130_fd_sc_hd__a21o_4.ext
/home/dinesha/workarea/opencore/git/yifive_r0/openlane/uart/runs/uart/tmp/magic/sky130_fd_sc_hd__a21boi_4.ext
/home/dinesha/workarea/opencore/git/yifive_r0/openlane/uart/runs/uart/tmp/magic/sky130_fd_sc_hd__buf_2.ext
/home/dinesha/workarea/opencore/git/yifive_r0/openlane/uart/runs/uart/tmp/magic/sky130_fd_sc_hd__or3_4.ext
/home/dinesha/workarea/opencore/git/yifive_r0/openlane/uart/runs/uart/tmp/magic/sky130_fd_sc_hd__decap_12.ext
/home/dinesha/workarea/opencore/git/yifive_r0/openlane/uart/runs/uart/tmp/magic/sky130_fd_sc_hd__a2bb2o_4.ext
/home/dinesha/workarea/opencore/git/yifive_r0/openlane/uart/runs/uart/tmp/magic/sky130_fd_sc_hd__and4_4.ext
/home/dinesha/workarea/opencore/git/yifive_r0/openlane/uart/runs/uart/tmp/magic/uart_core.ext
/home/dinesha/workarea/opencore/git/yifive_r0/openlane/uart/runs/uart/tmp/magic/sky130_fd_sc_hd__decap_3.ext
/home/dinesha/workarea/opencore/git/yifive_r0/openlane/uart/runs/uart/tmp/magic/sky130_fd_sc_hd__o21ai_4.ext
/home/dinesha/workarea/opencore/git/yifive_r0/openlane/uart/runs/uart/tmp/magic/sky130_fd_sc_hd__a22oi_4.ext
/home/dinesha/workarea/opencore/git/yifive_r0/openlane/uart/runs/uart/tmp/magic/sky130_fd_sc_hd__dfrtp_4.ext
/home/dinesha/workarea/opencore/git/yifive_r0/openlane/uart/runs/uart/tmp/magic/sky130_fd_sc_hd__dfxtp_4.ext
/home/dinesha/workarea/opencore/git/yifive_r0/openlane/uart/runs/uart/tmp/magic/sky130_fd_sc_hd__tapvpwrvgnd_1.ext
/home/dinesha/workarea/opencore/git/yifive_r0/openlane/uart/runs/uart/tmp/magic/sky130_fd_sc_hd__a2111o_4.ext
/home/dinesha/workarea/opencore/git/yifive_r0/openlane/uart/runs/uart/tmp/magic/sky130_fd_sc_hd__fill_1.ext
/home/dinesha/workarea/opencore/git/yifive_r0/openlane/uart/runs/uart/tmp/magic/sky130_fd_sc_hd__clkbuf_1.ext
/home/dinesha/workarea/opencore/git/yifive_r0/openlane/uart/runs/uart/tmp/magic/sky130_fd_sc_hd__decap_6.ext
/home/dinesha/workarea/opencore/git/yifive_r0/openlane/uart/runs/uart/tmp/magic/sky130_fd_sc_hd__or4_4.ext
/home/dinesha/workarea/opencore/git/yifive_r0/openlane/uart/runs/uart/tmp/magic/sky130_fd_sc_hd__a21bo_4.ext
/home/dinesha/workarea/opencore/git/yifive_r0/openlane/uart/runs/uart/tmp/magic/sky130_fd_sc_hd__decap_8.ext
/home/dinesha/workarea/opencore/git/yifive_r0/openlane/uart/runs/uart/tmp/magic/sky130_fd_sc_hd__inv_2.ext
/home/dinesha/workarea/opencore/git/yifive_r0/openlane/uart/runs/uart/tmp/magic/sky130_fd_sc_hd__o21a_4.ext
/home/dinesha/workarea/opencore/git/yifive_r0/openlane/uart/runs/uart/tmp/magic/sky130_fd_sc_hd__o22a_4.ext
/home/dinesha/workarea/opencore/git/yifive_r0/openlane/uart/runs/uart/tmp/magic/sky130_fd_sc_hd__and3_4.ext
/home/dinesha/workarea/opencore/git/yifive_r0/openlane/uart/runs/uart/tmp/magic/sky130_fd_sc_hd__dfstp_4.ext
/home/dinesha/workarea/opencore/git/yifive_r0/openlane/uart/runs/uart/tmp/lvs/setup_file.lef.lvs
/home/dinesha/workarea/opencore/git/yifive_r0/openlane/uart/runs/uart/reports/runtime_summary_report.rpt.parsable
/home/dinesha/workarea/opencore/git/yifive_r0/openlane/uart/runs/uart/reports/runtime_summary_report.rpt
/home/dinesha/workarea/opencore/git/yifive_r0/openlane/uart/runs/uart/reports/manufacturability_report.rpt
/home/dinesha/workarea/opencore/git/yifive_r0/openlane/uart/runs/uart/reports/synthesis/26-opensta_spef_wns.rpt
/home/dinesha/workarea/opencore/git/yifive_r0/openlane/uart/runs/uart/reports/synthesis/1-yosys_4.chk.rpt
/home/dinesha/workarea/opencore/git/yifive_r0/openlane/uart/runs/uart/reports/synthesis/26-opensta_spef.min_max.rpt
/home/dinesha/workarea/opencore/git/yifive_r0/openlane/uart/runs/uart/reports/synthesis/26-opensta_spef_tns.rpt
/home/dinesha/workarea/opencore/git/yifive_r0/openlane/uart/runs/uart/reports/synthesis/2-opensta.min_max.rpt
/home/dinesha/workarea/opencore/git/yifive_r0/openlane/uart/runs/uart/reports/synthesis/1-yosys_pre.stat
/home/dinesha/workarea/opencore/git/yifive_r0/openlane/uart/runs/uart/reports/synthesis/2-opensta_tns.rpt
/home/dinesha/workarea/opencore/git/yifive_r0/openlane/uart/runs/uart/reports/synthesis/11-opensta_post_openphysyn.rpt
/home/dinesha/workarea/opencore/git/yifive_r0/openlane/uart/runs/uart/reports/synthesis/11-opensta_post_openphysyn_tns.rpt
/home/dinesha/workarea/opencore/git/yifive_r0/openlane/uart/runs/uart/reports/synthesis/1-yosys_dff.stat
/home/dinesha/workarea/opencore/git/yifive_r0/openlane/uart/runs/uart/reports/synthesis/11-opensta_post_openphysyn.min_max.rpt
/home/dinesha/workarea/opencore/git/yifive_r0/openlane/uart/runs/uart/reports/synthesis/11-opensta_post_openphysyn.timing.rpt
/home/dinesha/workarea/opencore/git/yifive_r0/openlane/uart/runs/uart/reports/synthesis/2-opensta_wns.rpt
/home/dinesha/workarea/opencore/git/yifive_r0/openlane/uart/runs/uart/reports/synthesis/2-opensta.rpt
/home/dinesha/workarea/opencore/git/yifive_r0/openlane/uart/runs/uart/reports/synthesis/26-opensta_spef.timing.rpt
/home/dinesha/workarea/opencore/git/yifive_r0/openlane/uart/runs/uart/reports/synthesis/2-opensta.timing.rpt
/home/dinesha/workarea/opencore/git/yifive_r0/openlane/uart/runs/uart/reports/synthesis/26-opensta_spef.rpt
/home/dinesha/workarea/opencore/git/yifive_r0/openlane/uart/runs/uart/reports/synthesis/11-opensta_post_openphysyn_wns.rpt
/home/dinesha/workarea/opencore/git/yifive_r0/openlane/uart/runs/uart/reports/synthesis/1-yosys_4.stat.rpt
/home/dinesha/workarea/opencore/git/yifive_r0/openlane/uart/runs/uart/reports/routing/44-antenna.rpt
/home/dinesha/workarea/opencore/git/yifive_r0/openlane/uart/runs/uart/reports/floorplan/3-verilog2def.die_area.rpt
/home/dinesha/workarea/opencore/git/yifive_r0/openlane/uart/runs/uart/reports/floorplan/3-verilog2def.core_area.rpt
/home/dinesha/workarea/opencore/git/yifive_r0/openlane/uart/runs/uart/reports/klayout/36-klayout.xor.rpt
/home/dinesha/workarea/opencore/git/yifive_r0/openlane/uart/runs/uart/reports/klayout/38-klayout.xor.rpt
/home/dinesha/workarea/opencore/git/yifive_r0/openlane/uart/runs/uart/reports/klayout/42-klayout.magic.lydrc
/home/dinesha/workarea/opencore/git/yifive_r0/openlane/uart/runs/uart/reports/placement/9-openphysyn_allchecks.rpt
/home/dinesha/workarea/opencore/git/yifive_r0/openlane/uart/runs/uart/reports/placement/9-openphysyn_tns.rpt
/home/dinesha/workarea/opencore/git/yifive_r0/openlane/uart/runs/uart/reports/placement/9-openphysyn_wns.rpt
/home/dinesha/workarea/opencore/git/yifive_r0/openlane/uart/runs/uart/results/synthesis/uart_core.synthesis_cts.v
/home/dinesha/workarea/opencore/git/yifive_r0/openlane/uart/runs/uart/results/synthesis/uart_core.synthesis.v
/home/dinesha/workarea/opencore/git/yifive_r0/openlane/uart/runs/uart/results/synthesis/uart_core.synthesis_diodes.v
/home/dinesha/workarea/opencore/git/yifive_r0/openlane/uart/runs/uart/results/synthesis/uart_core.synthesis_optimized.v
/home/dinesha/workarea/opencore/git/yifive_r0/openlane/uart/runs/uart/results/synthesis/uart_core.synthesis_preroute.v
/home/dinesha/workarea/opencore/git/yifive_r0/openlane/uart/runs/uart/results/routing/uart_core.def.ref
/home/dinesha/workarea/opencore/git/yifive_r0/openlane/uart/runs/uart/results/routing/uart_core.spef
/home/dinesha/workarea/opencore/git/yifive_r0/openlane/uart/runs/uart/results/magic/.magicrc
/home/dinesha/workarea/opencore/git/yifive_r0/openlane/uart/runs/uart/results/magic/uart_core.gds.lydrc
/home/dinesha/workarea/opencore/git/yifive_r0/openlane/uart/runs/uart/results/lvs/uart_core.lvs.lef.json
/home/dinesha/workarea/opencore/git/yifive_r0/openlane/uart/runs/uart/results/lvs/uart_core.lvs.powered.v
/home/dinesha/workarea/opencore/git/yifive_r0/openlane/uart/runs/uart/results/klayout/uart_core.lyp
/home/dinesha/workarea/opencore/git/yifive_r0/openlane/spi_master/runs/spi_master/config.tcl
/home/dinesha/workarea/opencore/git/yifive_r0/openlane/spi_master/runs/spi_master/tmp/magic_spice.tcl
/home/dinesha/workarea/opencore/git/yifive_r0/openlane/spi_master/runs/spi_master/tmp/opt.lib
/home/dinesha/workarea/opencore/git/yifive_r0/openlane/spi_master/runs/spi_master/tmp/trimmed.lib
/home/dinesha/workarea/opencore/git/yifive_r0/openlane/spi_master/runs/spi_master/tmp/tracks_copy.info
/home/dinesha/workarea/opencore/git/yifive_r0/openlane/spi_master/runs/spi_master/tmp/sky130_fd_sc_hd__tt_025C_1v80.no_pg.lib
/home/dinesha/workarea/opencore/git/yifive_r0/openlane/spi_master/runs/spi_master/tmp/synthesis/hierarchy.dot
/home/dinesha/workarea/opencore/git/yifive_r0/openlane/spi_master/runs/spi_master/tmp/synthesis/yosys.sdc
/home/dinesha/workarea/opencore/git/yifive_r0/openlane/spi_master/runs/spi_master/tmp/routing/21-tritonRoute.guide
/home/dinesha/workarea/opencore/git/yifive_r0/openlane/spi_master/runs/spi_master/tmp/routing/17-fastroute.guide
/home/dinesha/workarea/opencore/git/yifive_r0/openlane/spi_master/runs/spi_master/tmp/routing/21-tritonRoute.param
/home/dinesha/workarea/opencore/git/yifive_r0/openlane/spi_master/runs/spi_master/tmp/routing/18-fastroute_2.guide
/home/dinesha/workarea/opencore/git/yifive_r0/openlane/spi_master/runs/spi_master/tmp/magic/sky130_fd_sc_hd__conb_1.ext
/home/dinesha/workarea/opencore/git/yifive_r0/openlane/spi_master/runs/spi_master/tmp/magic/sky130_fd_sc_hd__nor2_4.ext
/home/dinesha/workarea/opencore/git/yifive_r0/openlane/spi_master/runs/spi_master/tmp/magic/sky130_fd_sc_hd__and2_4.ext
/home/dinesha/workarea/opencore/git/yifive_r0/openlane/spi_master/runs/spi_master/tmp/magic/sky130_fd_sc_hd__a21oi_4.ext
/home/dinesha/workarea/opencore/git/yifive_r0/openlane/spi_master/runs/spi_master/tmp/magic/sky130_fd_sc_hd__fill_2.ext
/home/dinesha/workarea/opencore/git/yifive_r0/openlane/spi_master/runs/spi_master/tmp/magic/sky130_fd_sc_hd__a32o_4.ext
/home/dinesha/workarea/opencore/git/yifive_r0/openlane/spi_master/runs/spi_master/tmp/magic/sky130_fd_sc_hd__or2_4.ext
/home/dinesha/workarea/opencore/git/yifive_r0/openlane/spi_master/runs/spi_master/tmp/magic/sky130_fd_sc_hd__clkbuf_16.ext
/home/dinesha/workarea/opencore/git/yifive_r0/openlane/spi_master/runs/spi_master/tmp/magic/sky130_fd_sc_hd__decap_4.ext
/home/dinesha/workarea/opencore/git/yifive_r0/openlane/spi_master/runs/spi_master/tmp/magic/sky130_fd_sc_hd__diode_2.ext
/home/dinesha/workarea/opencore/git/yifive_r0/openlane/spi_master/runs/spi_master/tmp/magic/sky130_fd_sc_hd__nand2_4.ext
/home/dinesha/workarea/opencore/git/yifive_r0/openlane/spi_master/runs/spi_master/tmp/magic/sky130_fd_sc_hd__a211o_4.ext
/home/dinesha/workarea/opencore/git/yifive_r0/openlane/spi_master/runs/spi_master/tmp/magic/sky130_fd_sc_hd__a21o_4.ext
/home/dinesha/workarea/opencore/git/yifive_r0/openlane/spi_master/runs/spi_master/tmp/magic/sky130_fd_sc_hd__a21boi_4.ext
/home/dinesha/workarea/opencore/git/yifive_r0/openlane/spi_master/runs/spi_master/tmp/magic/sky130_fd_sc_hd__buf_2.ext
/home/dinesha/workarea/opencore/git/yifive_r0/openlane/spi_master/runs/spi_master/tmp/magic/sky130_fd_sc_hd__or3_4.ext
/home/dinesha/workarea/opencore/git/yifive_r0/openlane/spi_master/runs/spi_master/tmp/magic/sky130_fd_sc_hd__decap_12.ext
/home/dinesha/workarea/opencore/git/yifive_r0/openlane/spi_master/runs/spi_master/tmp/magic/sky130_fd_sc_hd__a2bb2o_4.ext
/home/dinesha/workarea/opencore/git/yifive_r0/openlane/spi_master/runs/spi_master/tmp/magic/sky130_fd_sc_hd__and4_4.ext
/home/dinesha/workarea/opencore/git/yifive_r0/openlane/spi_master/runs/spi_master/tmp/magic/sky130_fd_sc_hd__decap_3.ext
/home/dinesha/workarea/opencore/git/yifive_r0/openlane/spi_master/runs/spi_master/tmp/magic/sky130_fd_sc_hd__o21ai_4.ext
/home/dinesha/workarea/opencore/git/yifive_r0/openlane/spi_master/runs/spi_master/tmp/magic/spim_top.ext
/home/dinesha/workarea/opencore/git/yifive_r0/openlane/spi_master/runs/spi_master/tmp/magic/sky130_fd_sc_hd__a22oi_4.ext
/home/dinesha/workarea/opencore/git/yifive_r0/openlane/spi_master/runs/spi_master/tmp/magic/sky130_fd_sc_hd__dfrtp_4.ext
/home/dinesha/workarea/opencore/git/yifive_r0/openlane/spi_master/runs/spi_master/tmp/magic/sky130_fd_sc_hd__dfxtp_4.ext
/home/dinesha/workarea/opencore/git/yifive_r0/openlane/spi_master/runs/spi_master/tmp/magic/sky130_fd_sc_hd__tapvpwrvgnd_1.ext
/home/dinesha/workarea/opencore/git/yifive_r0/openlane/spi_master/runs/spi_master/tmp/magic/sky130_fd_sc_hd__a2111o_4.ext
/home/dinesha/workarea/opencore/git/yifive_r0/openlane/spi_master/runs/spi_master/tmp/magic/sky130_fd_sc_hd__o41a_4.ext
/home/dinesha/workarea/opencore/git/yifive_r0/openlane/spi_master/runs/spi_master/tmp/magic/sky130_fd_sc_hd__fill_1.ext
/home/dinesha/workarea/opencore/git/yifive_r0/openlane/spi_master/runs/spi_master/tmp/magic/sky130_fd_sc_hd__clkbuf_1.ext
/home/dinesha/workarea/opencore/git/yifive_r0/openlane/spi_master/runs/spi_master/tmp/magic/sky130_fd_sc_hd__o32a_4.ext
/home/dinesha/workarea/opencore/git/yifive_r0/openlane/spi_master/runs/spi_master/tmp/magic/sky130_fd_sc_hd__decap_6.ext
/home/dinesha/workarea/opencore/git/yifive_r0/openlane/spi_master/runs/spi_master/tmp/magic/sky130_fd_sc_hd__or4_4.ext
/home/dinesha/workarea/opencore/git/yifive_r0/openlane/spi_master/runs/spi_master/tmp/magic/sky130_fd_sc_hd__a21bo_4.ext
/home/dinesha/workarea/opencore/git/yifive_r0/openlane/spi_master/runs/spi_master/tmp/magic/sky130_fd_sc_hd__decap_8.ext
/home/dinesha/workarea/opencore/git/yifive_r0/openlane/spi_master/runs/spi_master/tmp/magic/sky130_fd_sc_hd__inv_2.ext
/home/dinesha/workarea/opencore/git/yifive_r0/openlane/spi_master/runs/spi_master/tmp/magic/sky130_fd_sc_hd__o21a_4.ext
/home/dinesha/workarea/opencore/git/yifive_r0/openlane/spi_master/runs/spi_master/tmp/magic/sky130_fd_sc_hd__o22a_4.ext
/home/dinesha/workarea/opencore/git/yifive_r0/openlane/spi_master/runs/spi_master/tmp/magic/sky130_fd_sc_hd__and3_4.ext
/home/dinesha/workarea/opencore/git/yifive_r0/openlane/spi_master/runs/spi_master/tmp/magic/sky130_fd_sc_hd__dfstp_4.ext
/home/dinesha/workarea/opencore/git/yifive_r0/openlane/spi_master/runs/spi_master/tmp/lvs/setup_file.lef.lvs
/home/dinesha/workarea/opencore/git/yifive_r0/openlane/spi_master/runs/spi_master/reports/runtime_summary_report.rpt.parsable
/home/dinesha/workarea/opencore/git/yifive_r0/openlane/spi_master/runs/spi_master/reports/runtime_summary_report.rpt
/home/dinesha/workarea/opencore/git/yifive_r0/openlane/spi_master/runs/spi_master/reports/manufacturability_report.rpt
/home/dinesha/workarea/opencore/git/yifive_r0/openlane/spi_master/runs/spi_master/reports/synthesis/1-yosys_4.chk.rpt
/home/dinesha/workarea/opencore/git/yifive_r0/openlane/spi_master/runs/spi_master/reports/synthesis/24-opensta_spef.timing.rpt
/home/dinesha/workarea/opencore/git/yifive_r0/openlane/spi_master/runs/spi_master/reports/synthesis/2-opensta.min_max.rpt
/home/dinesha/workarea/opencore/git/yifive_r0/openlane/spi_master/runs/spi_master/reports/synthesis/1-yosys_pre.stat
/home/dinesha/workarea/opencore/git/yifive_r0/openlane/spi_master/runs/spi_master/reports/synthesis/2-opensta_tns.rpt
/home/dinesha/workarea/opencore/git/yifive_r0/openlane/spi_master/runs/spi_master/reports/synthesis/11-opensta_post_openphysyn.rpt
/home/dinesha/workarea/opencore/git/yifive_r0/openlane/spi_master/runs/spi_master/reports/synthesis/11-opensta_post_openphysyn_tns.rpt
/home/dinesha/workarea/opencore/git/yifive_r0/openlane/spi_master/runs/spi_master/reports/synthesis/1-yosys_dff.stat
/home/dinesha/workarea/opencore/git/yifive_r0/openlane/spi_master/runs/spi_master/reports/synthesis/24-opensta_spef.min_max.rpt
/home/dinesha/workarea/opencore/git/yifive_r0/openlane/spi_master/runs/spi_master/reports/synthesis/11-opensta_post_openphysyn.min_max.rpt
/home/dinesha/workarea/opencore/git/yifive_r0/openlane/spi_master/runs/spi_master/reports/synthesis/11-opensta_post_openphysyn.timing.rpt
/home/dinesha/workarea/opencore/git/yifive_r0/openlane/spi_master/runs/spi_master/reports/synthesis/2-opensta_wns.rpt
/home/dinesha/workarea/opencore/git/yifive_r0/openlane/spi_master/runs/spi_master/reports/synthesis/2-opensta.rpt
/home/dinesha/workarea/opencore/git/yifive_r0/openlane/spi_master/runs/spi_master/reports/synthesis/2-opensta.timing.rpt
/home/dinesha/workarea/opencore/git/yifive_r0/openlane/spi_master/runs/spi_master/reports/synthesis/24-opensta_spef_tns.rpt
/home/dinesha/workarea/opencore/git/yifive_r0/openlane/spi_master/runs/spi_master/reports/synthesis/24-opensta_spef_wns.rpt
/home/dinesha/workarea/opencore/git/yifive_r0/openlane/spi_master/runs/spi_master/reports/synthesis/11-opensta_post_openphysyn_wns.rpt
/home/dinesha/workarea/opencore/git/yifive_r0/openlane/spi_master/runs/spi_master/reports/synthesis/24-opensta_spef.rpt
/home/dinesha/workarea/opencore/git/yifive_r0/openlane/spi_master/runs/spi_master/reports/synthesis/1-yosys_4.stat.rpt
/home/dinesha/workarea/opencore/git/yifive_r0/openlane/spi_master/runs/spi_master/reports/routing/42-antenna.rpt
/home/dinesha/workarea/opencore/git/yifive_r0/openlane/spi_master/runs/spi_master/reports/floorplan/3-verilog2def.die_area.rpt
/home/dinesha/workarea/opencore/git/yifive_r0/openlane/spi_master/runs/spi_master/reports/floorplan/3-verilog2def.core_area.rpt
/home/dinesha/workarea/opencore/git/yifive_r0/openlane/spi_master/runs/spi_master/reports/klayout/36-klayout.xor.rpt
/home/dinesha/workarea/opencore/git/yifive_r0/openlane/spi_master/runs/spi_master/reports/klayout/34-klayout.xor.rpt
/home/dinesha/workarea/opencore/git/yifive_r0/openlane/spi_master/runs/spi_master/reports/klayout/40-klayout.magic.lydrc
/home/dinesha/workarea/opencore/git/yifive_r0/openlane/spi_master/runs/spi_master/reports/placement/9-openphysyn_allchecks.rpt
/home/dinesha/workarea/opencore/git/yifive_r0/openlane/spi_master/runs/spi_master/reports/placement/9-openphysyn_tns.rpt
/home/dinesha/workarea/opencore/git/yifive_r0/openlane/spi_master/runs/spi_master/reports/placement/9-openphysyn_wns.rpt
/home/dinesha/workarea/opencore/git/yifive_r0/openlane/spi_master/runs/spi_master/reports/placement/9-openphysyn_violators.rpt
/home/dinesha/workarea/opencore/git/yifive_r0/openlane/spi_master/runs/spi_master/results/synthesis/spim_top.synthesis_optimized.v
/home/dinesha/workarea/opencore/git/yifive_r0/openlane/spi_master/runs/spi_master/results/synthesis/spim_top.synthesis_preroute.v
/home/dinesha/workarea/opencore/git/yifive_r0/openlane/spi_master/runs/spi_master/results/synthesis/spim_top.synthesis.v
/home/dinesha/workarea/opencore/git/yifive_r0/openlane/spi_master/runs/spi_master/results/synthesis/spim_top.synthesis_cts.v
/home/dinesha/workarea/opencore/git/yifive_r0/openlane/spi_master/runs/spi_master/results/routing/spim_top.def.ref
/home/dinesha/workarea/opencore/git/yifive_r0/openlane/spi_master/runs/spi_master/results/routing/spim_top.spef
/home/dinesha/workarea/opencore/git/yifive_r0/openlane/spi_master/runs/spi_master/results/magic/.magicrc
/home/dinesha/workarea/opencore/git/yifive_r0/openlane/spi_master/runs/spi_master/results/magic/spim_top.gds.lydrc
/home/dinesha/workarea/opencore/git/yifive_r0/openlane/spi_master/runs/spi_master/results/lvs/spim_top.lvs.powered.v
/home/dinesha/workarea/opencore/git/yifive_r0/openlane/spi_master/runs/spi_master/results/lvs/spim_top.lvs.lef.json
/home/dinesha/workarea/opencore/git/yifive_r0/openlane/spi_master/runs/spi_master/results/klayout/spim_top.lyp
/home/dinesha/workarea/opencore/git/yifive_r0/openlane/user_project_wrapper/runs/user_project_wrapper/config.tcl
/home/dinesha/workarea/opencore/git/yifive_r0/openlane/user_project_wrapper/runs/user_project_wrapper/tmp/magic_spice.tcl
/home/dinesha/workarea/opencore/git/yifive_r0/openlane/user_project_wrapper/runs/user_project_wrapper/tmp/opt.lib
/home/dinesha/workarea/opencore/git/yifive_r0/openlane/user_project_wrapper/runs/user_project_wrapper/tmp/trimmed.lib
/home/dinesha/workarea/opencore/git/yifive_r0/openlane/user_project_wrapper/runs/user_project_wrapper/tmp/tracks_copy.info
/home/dinesha/workarea/opencore/git/yifive_r0/openlane/user_project_wrapper/runs/user_project_wrapper/tmp/sky130_fd_sc_hd__tt_025C_1v80.no_pg.lib
/home/dinesha/workarea/opencore/git/yifive_r0/openlane/user_project_wrapper/runs/user_project_wrapper/tmp/synthesis/yosys.pg_define.v
/home/dinesha/workarea/opencore/git/yifive_r0/openlane/user_project_wrapper/runs/user_project_wrapper/tmp/synthesis/hierarchy.dot
/home/dinesha/workarea/opencore/git/yifive_r0/openlane/user_project_wrapper/runs/user_project_wrapper/tmp/synthesis/yosys.sdc
/home/dinesha/workarea/opencore/git/yifive_r0/openlane/user_project_wrapper/runs/user_project_wrapper/tmp/routing/20-fastroute.guide
/home/dinesha/workarea/opencore/git/yifive_r0/openlane/user_project_wrapper/runs/user_project_wrapper/tmp/routing/22-tritonRoute.param
/home/dinesha/workarea/opencore/git/yifive_r0/openlane/user_project_wrapper/runs/user_project_wrapper/tmp/routing/22-tritonRoute.guide
/home/dinesha/workarea/opencore/git/yifive_r0/openlane/user_project_wrapper/runs/user_project_wrapper/tmp/magic/clk_skew_adjust.ext
/home/dinesha/workarea/opencore/git/yifive_r0/openlane/user_project_wrapper/runs/user_project_wrapper/tmp/magic/scr1_top_wb.ext
/home/dinesha/workarea/opencore/git/yifive_r0/openlane/user_project_wrapper/runs/user_project_wrapper/tmp/magic/uart_core.ext
/home/dinesha/workarea/opencore/git/yifive_r0/openlane/user_project_wrapper/runs/user_project_wrapper/tmp/magic/wb_host.ext
/home/dinesha/workarea/opencore/git/yifive_r0/openlane/user_project_wrapper/runs/user_project_wrapper/tmp/magic/spim_top.ext
/home/dinesha/workarea/opencore/git/yifive_r0/openlane/user_project_wrapper/runs/user_project_wrapper/tmp/magic/wb_interconnect.ext
/home/dinesha/workarea/opencore/git/yifive_r0/openlane/user_project_wrapper/runs/user_project_wrapper/tmp/magic/user_project_wrapper.ext
/home/dinesha/workarea/opencore/git/yifive_r0/openlane/user_project_wrapper/runs/user_project_wrapper/tmp/magic/sdrc_top.ext
/home/dinesha/workarea/opencore/git/yifive_r0/openlane/user_project_wrapper/runs/user_project_wrapper/tmp/magic/glbl_cfg.ext
/home/dinesha/workarea/opencore/git/yifive_r0/openlane/user_project_wrapper/runs/user_project_wrapper/tmp/lvs/setup_file.lef.lvs
/home/dinesha/workarea/opencore/git/yifive_r0/openlane/user_project_wrapper/runs/user_project_wrapper/reports/runtime_summary_report.rpt.parsable
/home/dinesha/workarea/opencore/git/yifive_r0/openlane/user_project_wrapper/runs/user_project_wrapper/reports/runtime_summary_report.rpt
/home/dinesha/workarea/opencore/git/yifive_r0/openlane/user_project_wrapper/runs/user_project_wrapper/reports/manufacturability_report.rpt
/home/dinesha/workarea/opencore/git/yifive_r0/openlane/user_project_wrapper/runs/user_project_wrapper/reports/synthesis/1-yosys_4.chk.rpt
/home/dinesha/workarea/opencore/git/yifive_r0/openlane/user_project_wrapper/runs/user_project_wrapper/reports/synthesis/25-opensta_spef.rpt
/home/dinesha/workarea/opencore/git/yifive_r0/openlane/user_project_wrapper/runs/user_project_wrapper/reports/synthesis/2-opensta.min_max.rpt
/home/dinesha/workarea/opencore/git/yifive_r0/openlane/user_project_wrapper/runs/user_project_wrapper/reports/synthesis/1-yosys_pre.stat
/home/dinesha/workarea/opencore/git/yifive_r0/openlane/user_project_wrapper/runs/user_project_wrapper/reports/synthesis/2-opensta_tns.rpt
/home/dinesha/workarea/opencore/git/yifive_r0/openlane/user_project_wrapper/runs/user_project_wrapper/reports/synthesis/15-opensta_post_openphysyn.min_max.rpt
/home/dinesha/workarea/opencore/git/yifive_r0/openlane/user_project_wrapper/runs/user_project_wrapper/reports/synthesis/1-yosys_dff.stat
/home/dinesha/workarea/opencore/git/yifive_r0/openlane/user_project_wrapper/runs/user_project_wrapper/reports/synthesis/3-yosys_dff.stat
/home/dinesha/workarea/opencore/git/yifive_r0/openlane/user_project_wrapper/runs/user_project_wrapper/reports/synthesis/25-opensta_spef_wns.rpt
/home/dinesha/workarea/opencore/git/yifive_r0/openlane/user_project_wrapper/runs/user_project_wrapper/reports/synthesis/25-opensta_spef.min_max.rpt
/home/dinesha/workarea/opencore/git/yifive_r0/openlane/user_project_wrapper/runs/user_project_wrapper/reports/synthesis/15-opensta_post_openphysyn.rpt
/home/dinesha/workarea/opencore/git/yifive_r0/openlane/user_project_wrapper/runs/user_project_wrapper/reports/synthesis/25-opensta_spef.timing.rpt
/home/dinesha/workarea/opencore/git/yifive_r0/openlane/user_project_wrapper/runs/user_project_wrapper/reports/synthesis/2-opensta_wns.rpt
/home/dinesha/workarea/opencore/git/yifive_r0/openlane/user_project_wrapper/runs/user_project_wrapper/reports/synthesis/15-opensta_post_openphysyn_wns.rpt
/home/dinesha/workarea/opencore/git/yifive_r0/openlane/user_project_wrapper/runs/user_project_wrapper/reports/synthesis/2-opensta.rpt
/home/dinesha/workarea/opencore/git/yifive_r0/openlane/user_project_wrapper/runs/user_project_wrapper/reports/synthesis/3-yosys_4.chk.rpt
/home/dinesha/workarea/opencore/git/yifive_r0/openlane/user_project_wrapper/runs/user_project_wrapper/reports/synthesis/25-opensta_spef_tns.rpt
/home/dinesha/workarea/opencore/git/yifive_r0/openlane/user_project_wrapper/runs/user_project_wrapper/reports/synthesis/15-opensta_post_openphysyn_tns.rpt
/home/dinesha/workarea/opencore/git/yifive_r0/openlane/user_project_wrapper/runs/user_project_wrapper/reports/synthesis/2-opensta.timing.rpt
/home/dinesha/workarea/opencore/git/yifive_r0/openlane/user_project_wrapper/runs/user_project_wrapper/reports/synthesis/15-opensta_post_openphysyn.timing.rpt
/home/dinesha/workarea/opencore/git/yifive_r0/openlane/user_project_wrapper/runs/user_project_wrapper/reports/synthesis/3-yosys_pre.stat
/home/dinesha/workarea/opencore/git/yifive_r0/openlane/user_project_wrapper/runs/user_project_wrapper/reports/synthesis/3-yosys_4.stat.rpt
/home/dinesha/workarea/opencore/git/yifive_r0/openlane/user_project_wrapper/runs/user_project_wrapper/reports/synthesis/1-yosys_4.stat.rpt
/home/dinesha/workarea/opencore/git/yifive_r0/openlane/user_project_wrapper/runs/user_project_wrapper/reports/routing/42-antenna.rpt
/home/dinesha/workarea/opencore/git/yifive_r0/openlane/user_project_wrapper/runs/user_project_wrapper/reports/floorplan/4-verilog2def.die_area.rpt
/home/dinesha/workarea/opencore/git/yifive_r0/openlane/user_project_wrapper/runs/user_project_wrapper/reports/floorplan/4-verilog2def.core_area.rpt
/home/dinesha/workarea/opencore/git/yifive_r0/openlane/user_project_wrapper/runs/user_project_wrapper/reports/klayout/37-klayout.xor.rpt
/home/dinesha/workarea/opencore/git/yifive_r0/openlane/user_project_wrapper/runs/user_project_wrapper/reports/klayout/35-klayout.xor.rpt
/home/dinesha/workarea/opencore/git/yifive_r0/openlane/user_project_wrapper/runs/user_project_wrapper/reports/placement/13-openphysyn_wns.rpt
/home/dinesha/workarea/opencore/git/yifive_r0/openlane/user_project_wrapper/runs/user_project_wrapper/reports/placement/13-openphysyn_allchecks.rpt
/home/dinesha/workarea/opencore/git/yifive_r0/openlane/user_project_wrapper/runs/user_project_wrapper/reports/placement/13-openphysyn_tns.rpt
/home/dinesha/workarea/opencore/git/yifive_r0/openlane/user_project_wrapper/runs/user_project_wrapper/results/synthesis/user_project_wrapper.synthesis.v
/home/dinesha/workarea/opencore/git/yifive_r0/openlane/user_project_wrapper/runs/user_project_wrapper/results/synthesis/user_project_wrapper.synthesis_preroute.v
/home/dinesha/workarea/opencore/git/yifive_r0/openlane/user_project_wrapper/runs/user_project_wrapper/results/synthesis/user_project_wrapper.synthesis_optimized.v
/home/dinesha/workarea/opencore/git/yifive_r0/openlane/user_project_wrapper/runs/user_project_wrapper/results/routing/user_project_wrapper.spef
/home/dinesha/workarea/opencore/git/yifive_r0/openlane/user_project_wrapper/runs/user_project_wrapper/results/routing/user_project_wrapper.def.ref
/home/dinesha/workarea/opencore/git/yifive_r0/openlane/user_project_wrapper/runs/user_project_wrapper/results/magic/.magicrc
/home/dinesha/workarea/opencore/git/yifive_r0/openlane/user_project_wrapper/runs/user_project_wrapper/results/lvs/user_project_wrapper.lvs.lef.json
/home/dinesha/workarea/opencore/git/yifive_r0/openlane/user_project_wrapper/runs/user_project_wrapper/results/lvs/user_project_wrapper.lvs.powered.v
/home/dinesha/workarea/opencore/git/yifive_r0/openlane/user_project_wrapper/runs/user_project_wrapper/results/klayout/user_project_wrapper.lyp
/home/dinesha/workarea/opencore/git/yifive_r0/openlane/sdram/runs/sdram/config.tcl
/home/dinesha/workarea/opencore/git/yifive_r0/openlane/sdram/runs/sdram/tmp/magic_spice.tcl
/home/dinesha/workarea/opencore/git/yifive_r0/openlane/sdram/runs/sdram/tmp/opt.lib
/home/dinesha/workarea/opencore/git/yifive_r0/openlane/sdram/runs/sdram/tmp/trimmed.lib
/home/dinesha/workarea/opencore/git/yifive_r0/openlane/sdram/runs/sdram/tmp/tracks_copy.info
/home/dinesha/workarea/opencore/git/yifive_r0/openlane/sdram/runs/sdram/tmp/sky130_fd_sc_hd__tt_025C_1v80.no_pg.lib
/home/dinesha/workarea/opencore/git/yifive_r0/openlane/sdram/runs/sdram/tmp/synthesis/hierarchy.dot
/home/dinesha/workarea/opencore/git/yifive_r0/openlane/sdram/runs/sdram/tmp/synthesis/yosys.sdc
/home/dinesha/workarea/opencore/git/yifive_r0/openlane/sdram/runs/sdram/tmp/routing/21-tritonRoute.guide
/home/dinesha/workarea/opencore/git/yifive_r0/openlane/sdram/runs/sdram/tmp/routing/17-fastroute.guide
/home/dinesha/workarea/opencore/git/yifive_r0/openlane/sdram/runs/sdram/tmp/routing/21-tritonRoute.param
/home/dinesha/workarea/opencore/git/yifive_r0/openlane/sdram/runs/sdram/tmp/routing/18-fastroute_2.guide
/home/dinesha/workarea/opencore/git/yifive_r0/openlane/sdram/runs/sdram/tmp/magic/sky130_fd_sc_hd__conb_1.ext
/home/dinesha/workarea/opencore/git/yifive_r0/openlane/sdram/runs/sdram/tmp/magic/sky130_fd_sc_hd__nor2_4.ext
/home/dinesha/workarea/opencore/git/yifive_r0/openlane/sdram/runs/sdram/tmp/magic/sky130_fd_sc_hd__and2_4.ext
/home/dinesha/workarea/opencore/git/yifive_r0/openlane/sdram/runs/sdram/tmp/magic/sky130_fd_sc_hd__a21oi_4.ext
/home/dinesha/workarea/opencore/git/yifive_r0/openlane/sdram/runs/sdram/tmp/magic/sky130_fd_sc_hd__fill_2.ext
/home/dinesha/workarea/opencore/git/yifive_r0/openlane/sdram/runs/sdram/tmp/magic/sky130_fd_sc_hd__a32o_4.ext
/home/dinesha/workarea/opencore/git/yifive_r0/openlane/sdram/runs/sdram/tmp/magic/sky130_fd_sc_hd__or2_4.ext
/home/dinesha/workarea/opencore/git/yifive_r0/openlane/sdram/runs/sdram/tmp/magic/sky130_fd_sc_hd__clkbuf_16.ext
/home/dinesha/workarea/opencore/git/yifive_r0/openlane/sdram/runs/sdram/tmp/magic/sky130_fd_sc_hd__decap_4.ext
/home/dinesha/workarea/opencore/git/yifive_r0/openlane/sdram/runs/sdram/tmp/magic/sky130_fd_sc_hd__diode_2.ext
/home/dinesha/workarea/opencore/git/yifive_r0/openlane/sdram/runs/sdram/tmp/magic/sky130_fd_sc_hd__nand2_4.ext
/home/dinesha/workarea/opencore/git/yifive_r0/openlane/sdram/runs/sdram/tmp/magic/sky130_fd_sc_hd__a211o_4.ext
/home/dinesha/workarea/opencore/git/yifive_r0/openlane/sdram/runs/sdram/tmp/magic/sky130_fd_sc_hd__a21o_4.ext
/home/dinesha/workarea/opencore/git/yifive_r0/openlane/sdram/runs/sdram/tmp/magic/sky130_fd_sc_hd__buf_2.ext
/home/dinesha/workarea/opencore/git/yifive_r0/openlane/sdram/runs/sdram/tmp/magic/sky130_fd_sc_hd__or3_4.ext
/home/dinesha/workarea/opencore/git/yifive_r0/openlane/sdram/runs/sdram/tmp/magic/sky130_fd_sc_hd__decap_12.ext
/home/dinesha/workarea/opencore/git/yifive_r0/openlane/sdram/runs/sdram/tmp/magic/sky130_fd_sc_hd__a2bb2o_4.ext
/home/dinesha/workarea/opencore/git/yifive_r0/openlane/sdram/runs/sdram/tmp/magic/sky130_fd_sc_hd__and4_4.ext
/home/dinesha/workarea/opencore/git/yifive_r0/openlane/sdram/runs/sdram/tmp/magic/sky130_fd_sc_hd__decap_3.ext
/home/dinesha/workarea/opencore/git/yifive_r0/openlane/sdram/runs/sdram/tmp/magic/sky130_fd_sc_hd__o21ai_4.ext
/home/dinesha/workarea/opencore/git/yifive_r0/openlane/sdram/runs/sdram/tmp/magic/sky130_fd_sc_hd__a22oi_4.ext
/home/dinesha/workarea/opencore/git/yifive_r0/openlane/sdram/runs/sdram/tmp/magic/sky130_fd_sc_hd__dfrtp_4.ext
/home/dinesha/workarea/opencore/git/yifive_r0/openlane/sdram/runs/sdram/tmp/magic/sky130_fd_sc_hd__dfxtp_4.ext
/home/dinesha/workarea/opencore/git/yifive_r0/openlane/sdram/runs/sdram/tmp/magic/sky130_fd_sc_hd__tapvpwrvgnd_1.ext
/home/dinesha/workarea/opencore/git/yifive_r0/openlane/sdram/runs/sdram/tmp/magic/sky130_fd_sc_hd__fill_1.ext
/home/dinesha/workarea/opencore/git/yifive_r0/openlane/sdram/runs/sdram/tmp/magic/sky130_fd_sc_hd__clkbuf_1.ext
/home/dinesha/workarea/opencore/git/yifive_r0/openlane/sdram/runs/sdram/tmp/magic/sky130_fd_sc_hd__o32a_4.ext
/home/dinesha/workarea/opencore/git/yifive_r0/openlane/sdram/runs/sdram/tmp/magic/sky130_fd_sc_hd__decap_6.ext
/home/dinesha/workarea/opencore/git/yifive_r0/openlane/sdram/runs/sdram/tmp/magic/sky130_fd_sc_hd__or4_4.ext
/home/dinesha/workarea/opencore/git/yifive_r0/openlane/sdram/runs/sdram/tmp/magic/sky130_fd_sc_hd__a21bo_4.ext
/home/dinesha/workarea/opencore/git/yifive_r0/openlane/sdram/runs/sdram/tmp/magic/sdrc_top.ext
/home/dinesha/workarea/opencore/git/yifive_r0/openlane/sdram/runs/sdram/tmp/magic/sky130_fd_sc_hd__decap_8.ext
/home/dinesha/workarea/opencore/git/yifive_r0/openlane/sdram/runs/sdram/tmp/magic/sky130_fd_sc_hd__inv_2.ext
/home/dinesha/workarea/opencore/git/yifive_r0/openlane/sdram/runs/sdram/tmp/magic/sky130_fd_sc_hd__o21a_4.ext
/home/dinesha/workarea/opencore/git/yifive_r0/openlane/sdram/runs/sdram/tmp/magic/sky130_fd_sc_hd__o22a_4.ext
/home/dinesha/workarea/opencore/git/yifive_r0/openlane/sdram/runs/sdram/tmp/magic/sky130_fd_sc_hd__and3_4.ext
/home/dinesha/workarea/opencore/git/yifive_r0/openlane/sdram/runs/sdram/tmp/magic/sky130_fd_sc_hd__dfstp_4.ext
/home/dinesha/workarea/opencore/git/yifive_r0/openlane/sdram/runs/sdram/tmp/lvs/setup_file.lef.lvs
/home/dinesha/workarea/opencore/git/yifive_r0/openlane/sdram/runs/sdram/reports/runtime_summary_report.rpt.parsable
/home/dinesha/workarea/opencore/git/yifive_r0/openlane/sdram/runs/sdram/reports/runtime_summary_report.rpt
/home/dinesha/workarea/opencore/git/yifive_r0/openlane/sdram/runs/sdram/reports/manufacturability_report.rpt
/home/dinesha/workarea/opencore/git/yifive_r0/openlane/sdram/runs/sdram/reports/synthesis/1-yosys_4.chk.rpt
/home/dinesha/workarea/opencore/git/yifive_r0/openlane/sdram/runs/sdram/reports/synthesis/24-opensta_spef.timing.rpt
/home/dinesha/workarea/opencore/git/yifive_r0/openlane/sdram/runs/sdram/reports/synthesis/2-opensta.min_max.rpt
/home/dinesha/workarea/opencore/git/yifive_r0/openlane/sdram/runs/sdram/reports/synthesis/1-yosys_pre.stat
/home/dinesha/workarea/opencore/git/yifive_r0/openlane/sdram/runs/sdram/reports/synthesis/2-opensta_tns.rpt
/home/dinesha/workarea/opencore/git/yifive_r0/openlane/sdram/runs/sdram/reports/synthesis/11-opensta_post_openphysyn.rpt
/home/dinesha/workarea/opencore/git/yifive_r0/openlane/sdram/runs/sdram/reports/synthesis/11-opensta_post_openphysyn_tns.rpt
/home/dinesha/workarea/opencore/git/yifive_r0/openlane/sdram/runs/sdram/reports/synthesis/1-yosys_dff.stat
/home/dinesha/workarea/opencore/git/yifive_r0/openlane/sdram/runs/sdram/reports/synthesis/24-opensta_spef.min_max.rpt
/home/dinesha/workarea/opencore/git/yifive_r0/openlane/sdram/runs/sdram/reports/synthesis/11-opensta_post_openphysyn.min_max.rpt
/home/dinesha/workarea/opencore/git/yifive_r0/openlane/sdram/runs/sdram/reports/synthesis/11-opensta_post_openphysyn.timing.rpt
/home/dinesha/workarea/opencore/git/yifive_r0/openlane/sdram/runs/sdram/reports/synthesis/2-opensta_wns.rpt
/home/dinesha/workarea/opencore/git/yifive_r0/openlane/sdram/runs/sdram/reports/synthesis/2-opensta.rpt
/home/dinesha/workarea/opencore/git/yifive_r0/openlane/sdram/runs/sdram/reports/synthesis/2-opensta.timing.rpt
/home/dinesha/workarea/opencore/git/yifive_r0/openlane/sdram/runs/sdram/reports/synthesis/24-opensta_spef_tns.rpt
/home/dinesha/workarea/opencore/git/yifive_r0/openlane/sdram/runs/sdram/reports/synthesis/24-opensta_spef_wns.rpt
/home/dinesha/workarea/opencore/git/yifive_r0/openlane/sdram/runs/sdram/reports/synthesis/11-opensta_post_openphysyn_wns.rpt
/home/dinesha/workarea/opencore/git/yifive_r0/openlane/sdram/runs/sdram/reports/synthesis/24-opensta_spef.rpt
/home/dinesha/workarea/opencore/git/yifive_r0/openlane/sdram/runs/sdram/reports/synthesis/1-yosys_4.stat.rpt
/home/dinesha/workarea/opencore/git/yifive_r0/openlane/sdram/runs/sdram/reports/routing/42-antenna.rpt
/home/dinesha/workarea/opencore/git/yifive_r0/openlane/sdram/runs/sdram/reports/floorplan/3-verilog2def.die_area.rpt
/home/dinesha/workarea/opencore/git/yifive_r0/openlane/sdram/runs/sdram/reports/floorplan/3-verilog2def.core_area.rpt
/home/dinesha/workarea/opencore/git/yifive_r0/openlane/sdram/runs/sdram/reports/klayout/36-klayout.xor.rpt
/home/dinesha/workarea/opencore/git/yifive_r0/openlane/sdram/runs/sdram/reports/klayout/34-klayout.xor.rpt
/home/dinesha/workarea/opencore/git/yifive_r0/openlane/sdram/runs/sdram/reports/klayout/40-klayout.magic.lydrc
/home/dinesha/workarea/opencore/git/yifive_r0/openlane/sdram/runs/sdram/reports/placement/9-openphysyn_allchecks.rpt
/home/dinesha/workarea/opencore/git/yifive_r0/openlane/sdram/runs/sdram/reports/placement/9-openphysyn_tns.rpt
/home/dinesha/workarea/opencore/git/yifive_r0/openlane/sdram/runs/sdram/reports/placement/9-openphysyn_wns.rpt
/home/dinesha/workarea/opencore/git/yifive_r0/openlane/sdram/runs/sdram/reports/placement/9-openphysyn_violators.rpt
/home/dinesha/workarea/opencore/git/yifive_r0/openlane/sdram/runs/sdram/results/synthesis/sdrc_top.synthesis_optimized.v
/home/dinesha/workarea/opencore/git/yifive_r0/openlane/sdram/runs/sdram/results/synthesis/sdrc_top.synthesis_cts.v
/home/dinesha/workarea/opencore/git/yifive_r0/openlane/sdram/runs/sdram/results/synthesis/sdrc_top.synthesis.v
/home/dinesha/workarea/opencore/git/yifive_r0/openlane/sdram/runs/sdram/results/synthesis/sdrc_top.synthesis_preroute.v
/home/dinesha/workarea/opencore/git/yifive_r0/openlane/sdram/runs/sdram/results/routing/sdrc_top.spef
/home/dinesha/workarea/opencore/git/yifive_r0/openlane/sdram/runs/sdram/results/routing/sdrc_top.def.ref
/home/dinesha/workarea/opencore/git/yifive_r0/openlane/sdram/runs/sdram/results/magic/.magicrc
/home/dinesha/workarea/opencore/git/yifive_r0/openlane/sdram/runs/sdram/results/magic/sdrc_top.gds.lydrc
/home/dinesha/workarea/opencore/git/yifive_r0/openlane/sdram/runs/sdram/results/lvs/sdrc_top.lvs.powered.v
/home/dinesha/workarea/opencore/git/yifive_r0/openlane/sdram/runs/sdram/results/lvs/sdrc_top.lvs.lef.json
/home/dinesha/workarea/opencore/git/yifive_r0/openlane/sdram/runs/sdram/results/klayout/sdrc_top.lyp
/home/dinesha/workarea/opencore/git/yifive_r0/verilog/dv/model/s25fl256s.sv
/home/dinesha/workarea/opencore/git/yifive_r0/verilog/rtl/syntacore/scr1/README.md
/home/dinesha/workarea/opencore/git/yifive_r0/work/_info
/home/dinesha/workarea/opencore/git/yifive_r0/work/_vmake
