First Layout: /home/dinesha/workarea/opencore/git/yifive_r0/checks/user_project_wrapper_empty_erased.gds
Second Layout: /home/dinesha/workarea/opencore/git/yifive_r0/checks/user_project_wrapper_erased.gds
Design Name: xor_target
Output GDS will be: /home/dinesha/workarea/opencore/git/yifive_r0/checks/user_project_wrapper.xor.gds
Reading /home/dinesha/workarea/opencore/git/yifive_r0/checks/user_project_wrapper_empty_erased.gds ..
Reading /home/dinesha/workarea/opencore/git/yifive_r0/checks/user_project_wrapper_erased.gds ..
--- Running XOR for 69/20 ---
"_input" in: xor.drc:38
Elapsed: 0.010s
"_input" in: xor.drc:38
Elapsed: 0.010s
"^" in: xor.drc:38
Elapsed: 0.000s
XOR differences: 0
"_output" in: xor.drc:41
Elapsed: 0.010s
--- Running XOR for 70/20 ---
"_input" in: xor.drc:38
Elapsed: 0.010s
"_input" in: xor.drc:38
Elapsed: 0.000s
"^" in: xor.drc:38
Elapsed: 0.010s
XOR differences: 0
"_output" in: xor.drc:41
Elapsed: 0.000s
--- Running XOR for 71/20 ---
"_input" in: xor.drc:38
Elapsed: 0.010s
"_input" in: xor.drc:38
Elapsed: 0.000s
"^" in: xor.drc:38
Elapsed: 0.010s
XOR differences: 358
"_output" in: xor.drc:41
Elapsed: 0.010s
--- Running XOR for 71/44 ---
"_input" in: xor.drc:38
Elapsed: 0.000s
"_input" in: xor.drc:38
Elapsed: 0.010s
"^" in: xor.drc:38
Elapsed: 0.010s
XOR differences: 1144
"_output" in: xor.drc:41
Elapsed: 0.000s
--- Running XOR for 72/20 ---
"_input" in: xor.drc:38
Elapsed: 0.010s
"_input" in: xor.drc:38
Elapsed: 0.000s
"^" in: xor.drc:38
Elapsed: 0.010s
XOR differences: 984
"_output" in: xor.drc:41
Elapsed: 0.010s
--- Running XOR for 81/14 ---
"_input" in: xor.drc:38
Elapsed: 0.010s
"_input" in: xor.drc:38
Elapsed: 0.000s
"^" in: xor.drc:38
Elapsed: 0.010s
XOR differences: 2
"_output" in: xor.drc:41
Elapsed: 0.000s
Writing layout file: /home/dinesha/workarea/opencore/git/yifive_r0/checks/user_project_wrapper.xor.gds ..
Total run time: 0.160s
